This is pdfTeX, Version 3.14159265-2.6-1.40.19 (MiKTeX 2.9.6630 64-bit) (preloaded format=pdflatex 2018.5.9)  2 JUN 2021 10:41
entering extended mode
**./draft_v4.tex
(draft_v4.tex
LaTeX2e <2017-04-15>
Babel <3.18> and hyphenation patterns for 75 language(s) loaded.
("C:\Users\Juan\AppData\Local\Programs\MiKTeX 2.9\tex\latex\base\article.cls"
Document Class: article 2014/09/29 v1.4h Standard LaTeX document class
("C:\Users\Juan\AppData\Local\Programs\MiKTeX 2.9\tex\latex\base\size10.clo"
File: size10.clo 2014/09/29 v1.4h Standard LaTeX file (size option)
)
\c@part=\count79
\c@section=\count80
\c@subsection=\count81
\c@subsubsection=\count82
\c@paragraph=\count83
\c@subparagraph=\count84
\c@figure=\count85
\c@table=\count86
\abovecaptionskip=\skip41
\belowcaptionskip=\skip42
\bibindent=\dimen102
)
("C:\Users\Juan\AppData\Local\Programs\MiKTeX 2.9\tex\latex\base\inputenc.sty"
Package: inputenc 2015/03/17 v1.2c Input encoding file
\inpenc@prehook=\toks14
\inpenc@posthook=\toks15

("C:\Users\Juan\AppData\Local\Programs\MiKTeX 2.9\tex\latex\base\utf8.def"
File: utf8.def 2017/01/28 v1.1t UTF-8 support for inputenc
Now handling font encoding OML ...
... no UTF-8 mapping file for font encoding OML
Now handling font encoding T1 ...
... processing UTF-8 mapping file for font encoding T1

("C:\Users\Juan\AppData\Local\Programs\MiKTeX 2.9\tex\latex\base\t1enc.dfu"
File: t1enc.dfu 2017/01/28 v1.1t UTF-8 support for inputenc
   defining Unicode char U+00A0 (decimal 160)
   defining Unicode char U+00A1 (decimal 161)
   defining Unicode char U+00A3 (decimal 163)
   defining Unicode char U+00AB (decimal 171)
   defining Unicode char U+00AD (decimal 173)
   defining Unicode char U+00BB (decimal 187)
   defining Unicode char U+00BF (decimal 191)
   defining Unicode char U+00C0 (decimal 192)
   defining Unicode char U+00C1 (decimal 193)
   defining Unicode char U+00C2 (decimal 194)
   defining Unicode char U+00C3 (decimal 195)
   defining Unicode char U+00C4 (decimal 196)
   defining Unicode char U+00C5 (decimal 197)
   defining Unicode char U+00C6 (decimal 198)
   defining Unicode char U+00C7 (decimal 199)
   defining Unicode char U+00C8 (decimal 200)
   defining Unicode char U+00C9 (decimal 201)
   defining Unicode char U+00CA (decimal 202)
   defining Unicode char U+00CB (decimal 203)
   defining Unicode char U+00CC (decimal 204)
   defining Unicode char U+00CD (decimal 205)
   defining Unicode char U+00CE (decimal 206)
   defining Unicode char U+00CF (decimal 207)
   defining Unicode char U+00D0 (decimal 208)
   defining Unicode char U+00D1 (decimal 209)
   defining Unicode char U+00D2 (decimal 210)
   defining Unicode char U+00D3 (decimal 211)
   defining Unicode char U+00D4 (decimal 212)
   defining Unicode char U+00D5 (decimal 213)
   defining Unicode char U+00D6 (decimal 214)
   defining Unicode char U+00D8 (decimal 216)
   defining Unicode char U+00D9 (decimal 217)
   defining Unicode char U+00DA (decimal 218)
   defining Unicode char U+00DB (decimal 219)
   defining Unicode char U+00DC (decimal 220)
   defining Unicode char U+00DD (decimal 221)
   defining Unicode char U+00DE (decimal 222)
   defining Unicode char U+00DF (decimal 223)
   defining Unicode char U+00E0 (decimal 224)
   defining Unicode char U+00E1 (decimal 225)
   defining Unicode char U+00E2 (decimal 226)
   defining Unicode char U+00E3 (decimal 227)
   defining Unicode char U+00E4 (decimal 228)
   defining Unicode char U+00E5 (decimal 229)
   defining Unicode char U+00E6 (decimal 230)
   defining Unicode char U+00E7 (decimal 231)
   defining Unicode char U+00E8 (decimal 232)
   defining Unicode char U+00E9 (decimal 233)
   defining Unicode char U+00EA (decimal 234)
   defining Unicode char U+00EB (decimal 235)
   defining Unicode char U+00EC (decimal 236)
   defining Unicode char U+00ED (decimal 237)
   defining Unicode char U+00EE (decimal 238)
   defining Unicode char U+00EF (decimal 239)
   defining Unicode char U+00F0 (decimal 240)
   defining Unicode char U+00F1 (decimal 241)
   defining Unicode char U+00F2 (decimal 242)
   defining Unicode char U+00F3 (decimal 243)
   defining Unicode char U+00F4 (decimal 244)
   defining Unicode char U+00F5 (decimal 245)
   defining Unicode char U+00F6 (decimal 246)
   defining Unicode char U+00F8 (decimal 248)
   defining Unicode char U+00F9 (decimal 249)
   defining Unicode char U+00FA (decimal 250)
   defining Unicode char U+00FB (decimal 251)
   defining Unicode char U+00FC (decimal 252)
   defining Unicode char U+00FD (decimal 253)
   defining Unicode char U+00FE (decimal 254)
   defining Unicode char U+00FF (decimal 255)
   defining Unicode char U+0100 (decimal 256)
   defining Unicode char U+0101 (decimal 257)
   defining Unicode char U+0102 (decimal 258)
   defining Unicode char U+0103 (decimal 259)
   defining Unicode char U+0104 (decimal 260)
   defining Unicode char U+0105 (decimal 261)
   defining Unicode char U+0106 (decimal 262)
   defining Unicode char U+0107 (decimal 263)
   defining Unicode char U+0108 (decimal 264)
   defining Unicode char U+0109 (decimal 265)
   defining Unicode char U+010A (decimal 266)
   defining Unicode char U+010B (decimal 267)
   defining Unicode char U+010C (decimal 268)
   defining Unicode char U+010D (decimal 269)
   defining Unicode char U+010E (decimal 270)
   defining Unicode char U+010F (decimal 271)
   defining Unicode char U+0110 (decimal 272)
   defining Unicode char U+0111 (decimal 273)
   defining Unicode char U+0112 (decimal 274)
   defining Unicode char U+0113 (decimal 275)
   defining Unicode char U+0114 (decimal 276)
   defining Unicode char U+0115 (decimal 277)
   defining Unicode char U+0116 (decimal 278)
   defining Unicode char U+0117 (decimal 279)
   defining Unicode char U+0118 (decimal 280)
   defining Unicode char U+0119 (decimal 281)
   defining Unicode char U+011A (decimal 282)
   defining Unicode char U+011B (decimal 283)
   defining Unicode char U+011C (decimal 284)
   defining Unicode char U+011D (decimal 285)
   defining Unicode char U+011E (decimal 286)
   defining Unicode char U+011F (decimal 287)
   defining Unicode char U+0120 (decimal 288)
   defining Unicode char U+0121 (decimal 289)
   defining Unicode char U+0122 (decimal 290)
   defining Unicode char U+0123 (decimal 291)
   defining Unicode char U+0124 (decimal 292)
   defining Unicode char U+0125 (decimal 293)
   defining Unicode char U+0128 (decimal 296)
   defining Unicode char U+0129 (decimal 297)
   defining Unicode char U+012A (decimal 298)
   defining Unicode char U+012B (decimal 299)
   defining Unicode char U+012C (decimal 300)
   defining Unicode char U+012D (decimal 301)
   defining Unicode char U+012E (decimal 302)
   defining Unicode char U+012F (decimal 303)
   defining Unicode char U+0130 (decimal 304)
   defining Unicode char U+0131 (decimal 305)
   defining Unicode char U+0132 (decimal 306)
   defining Unicode char U+0133 (decimal 307)
   defining Unicode char U+0134 (decimal 308)
   defining Unicode char U+0135 (decimal 309)
   defining Unicode char U+0136 (decimal 310)
   defining Unicode char U+0137 (decimal 311)
   defining Unicode char U+0139 (decimal 313)
   defining Unicode char U+013A (decimal 314)
   defining Unicode char U+013B (decimal 315)
   defining Unicode char U+013C (decimal 316)
   defining Unicode char U+013D (decimal 317)
   defining Unicode char U+013E (decimal 318)
   defining Unicode char U+0141 (decimal 321)
   defining Unicode char U+0142 (decimal 322)
   defining Unicode char U+0143 (decimal 323)
   defining Unicode char U+0144 (decimal 324)
   defining Unicode char U+0145 (decimal 325)
   defining Unicode char U+0146 (decimal 326)
   defining Unicode char U+0147 (decimal 327)
   defining Unicode char U+0148 (decimal 328)
   defining Unicode char U+014A (decimal 330)
   defining Unicode char U+014B (decimal 331)
   defining Unicode char U+014C (decimal 332)
   defining Unicode char U+014D (decimal 333)
   defining Unicode char U+014E (decimal 334)
   defining Unicode char U+014F (decimal 335)
   defining Unicode char U+0150 (decimal 336)
   defining Unicode char U+0151 (decimal 337)
   defining Unicode char U+0152 (decimal 338)
   defining Unicode char U+0153 (decimal 339)
   defining Unicode char U+0154 (decimal 340)
   defining Unicode char U+0155 (decimal 341)
   defining Unicode char U+0156 (decimal 342)
   defining Unicode char U+0157 (decimal 343)
   defining Unicode char U+0158 (decimal 344)
   defining Unicode char U+0159 (decimal 345)
   defining Unicode char U+015A (decimal 346)
   defining Unicode char U+015B (decimal 347)
   defining Unicode char U+015C (decimal 348)
   defining Unicode char U+015D (decimal 349)
   defining Unicode char U+015E (decimal 350)
   defining Unicode char U+015F (decimal 351)
   defining Unicode char U+0160 (decimal 352)
   defining Unicode char U+0161 (decimal 353)
   defining Unicode char U+0162 (decimal 354)
   defining Unicode char U+0163 (decimal 355)
   defining Unicode char U+0164 (decimal 356)
   defining Unicode char U+0165 (decimal 357)
   defining Unicode char U+0168 (decimal 360)
   defining Unicode char U+0169 (decimal 361)
   defining Unicode char U+016A (decimal 362)
   defining Unicode char U+016B (decimal 363)
   defining Unicode char U+016C (decimal 364)
   defining Unicode char U+016D (decimal 365)
   defining Unicode char U+016E (decimal 366)
   defining Unicode char U+016F (decimal 367)
   defining Unicode char U+0170 (decimal 368)
   defining Unicode char U+0171 (decimal 369)
   defining Unicode char U+0172 (decimal 370)
   defining Unicode char U+0173 (decimal 371)
   defining Unicode char U+0174 (decimal 372)
   defining Unicode char U+0175 (decimal 373)
   defining Unicode char U+0176 (decimal 374)
   defining Unicode char U+0177 (decimal 375)
   defining Unicode char U+0178 (decimal 376)
   defining Unicode char U+0179 (decimal 377)
   defining Unicode char U+017A (decimal 378)
   defining Unicode char U+017B (decimal 379)
   defining Unicode char U+017C (decimal 380)
   defining Unicode char U+017D (decimal 381)
   defining Unicode char U+017E (decimal 382)
   defining Unicode char U+01CD (decimal 461)
   defining Unicode char U+01CE (decimal 462)
   defining Unicode char U+01CF (decimal 463)
   defining Unicode char U+01D0 (decimal 464)
   defining Unicode char U+01D1 (decimal 465)
   defining Unicode char U+01D2 (decimal 466)
   defining Unicode char U+01D3 (decimal 467)
   defining Unicode char U+01D4 (decimal 468)
   defining Unicode char U+01E2 (decimal 482)
   defining Unicode char U+01E3 (decimal 483)
   defining Unicode char U+01E6 (decimal 486)
   defining Unicode char U+01E7 (decimal 487)
   defining Unicode char U+01E8 (decimal 488)
   defining Unicode char U+01E9 (decimal 489)
   defining Unicode char U+01EA (decimal 490)
   defining Unicode char U+01EB (decimal 491)
   defining Unicode char U+01F0 (decimal 496)
   defining Unicode char U+01F4 (decimal 500)
   defining Unicode char U+01F5 (decimal 501)
   defining Unicode char U+0218 (decimal 536)
   defining Unicode char U+0219 (decimal 537)
   defining Unicode char U+021A (decimal 538)
   defining Unicode char U+021B (decimal 539)
   defining Unicode char U+0232 (decimal 562)
   defining Unicode char U+0233 (decimal 563)
   defining Unicode char U+1E02 (decimal 7682)
   defining Unicode char U+1E03 (decimal 7683)
   defining Unicode char U+200C (decimal 8204)
   defining Unicode char U+2010 (decimal 8208)
   defining Unicode char U+2011 (decimal 8209)
   defining Unicode char U+2012 (decimal 8210)
   defining Unicode char U+2013 (decimal 8211)
   defining Unicode char U+2014 (decimal 8212)
   defining Unicode char U+2015 (decimal 8213)
   defining Unicode char U+2018 (decimal 8216)
   defining Unicode char U+2019 (decimal 8217)
   defining Unicode char U+201A (decimal 8218)
   defining Unicode char U+201C (decimal 8220)
   defining Unicode char U+201D (decimal 8221)
   defining Unicode char U+201E (decimal 8222)
   defining Unicode char U+2030 (decimal 8240)
   defining Unicode char U+2031 (decimal 8241)
   defining Unicode char U+2039 (decimal 8249)
   defining Unicode char U+203A (decimal 8250)
   defining Unicode char U+2423 (decimal 9251)
   defining Unicode char U+1E20 (decimal 7712)
   defining Unicode char U+1E21 (decimal 7713)
)
Now handling font encoding OT1 ...
... processing UTF-8 mapping file for font encoding OT1

("C:\Users\Juan\AppData\Local\Programs\MiKTeX 2.9\tex\latex\base\ot1enc.dfu"
File: ot1enc.dfu 2017/01/28 v1.1t UTF-8 support for inputenc
   defining Unicode char U+00A0 (decimal 160)
   defining Unicode char U+00A1 (decimal 161)
   defining Unicode char U+00A3 (decimal 163)
   defining Unicode char U+00AD (decimal 173)
   defining Unicode char U+00B8 (decimal 184)
   defining Unicode char U+00BF (decimal 191)
   defining Unicode char U+00C5 (decimal 197)
   defining Unicode char U+00C6 (decimal 198)
   defining Unicode char U+00D8 (decimal 216)
   defining Unicode char U+00DF (decimal 223)
   defining Unicode char U+00E6 (decimal 230)
   defining Unicode char U+00EC (decimal 236)
   defining Unicode char U+00ED (decimal 237)
   defining Unicode char U+00EE (decimal 238)
   defining Unicode char U+00EF (decimal 239)
   defining Unicode char U+00F8 (decimal 248)
   defining Unicode char U+0131 (decimal 305)
   defining Unicode char U+0141 (decimal 321)
   defining Unicode char U+0142 (decimal 322)
   defining Unicode char U+0152 (decimal 338)
   defining Unicode char U+0153 (decimal 339)
   defining Unicode char U+0174 (decimal 372)
   defining Unicode char U+0175 (decimal 373)
   defining Unicode char U+0176 (decimal 374)
   defining Unicode char U+0177 (decimal 375)
   defining Unicode char U+0218 (decimal 536)
   defining Unicode char U+0219 (decimal 537)
   defining Unicode char U+021A (decimal 538)
   defining Unicode char U+021B (decimal 539)
   defining Unicode char U+2013 (decimal 8211)
   defining Unicode char U+2014 (decimal 8212)
   defining Unicode char U+2018 (decimal 8216)
   defining Unicode char U+2019 (decimal 8217)
   defining Unicode char U+201C (decimal 8220)
   defining Unicode char U+201D (decimal 8221)
)
Now handling font encoding OMS ...
... processing UTF-8 mapping file for font encoding OMS

("C:\Users\Juan\AppData\Local\Programs\MiKTeX 2.9\tex\latex\base\omsenc.dfu"
File: omsenc.dfu 2017/01/28 v1.1t UTF-8 support for inputenc
   defining Unicode char U+00A7 (decimal 167)
   defining Unicode char U+00B6 (decimal 182)
   defining Unicode char U+00B7 (decimal 183)
   defining Unicode char U+2020 (decimal 8224)
   defining Unicode char U+2021 (decimal 8225)
   defining Unicode char U+2022 (decimal 8226)
)
Now handling font encoding OMX ...
... no UTF-8 mapping file for font encoding OMX
Now handling font encoding U ...
... no UTF-8 mapping file for font encoding U
   defining Unicode char U+00A9 (decimal 169)
   defining Unicode char U+00AA (decimal 170)
   defining Unicode char U+00AE (decimal 174)
   defining Unicode char U+00BA (decimal 186)
   defining Unicode char U+02C6 (decimal 710)
   defining Unicode char U+02DC (decimal 732)
   defining Unicode char U+200C (decimal 8204)
   defining Unicode char U+2026 (decimal 8230)
   defining Unicode char U+2122 (decimal 8482)
   defining Unicode char U+2423 (decimal 9251)
)) ("C:\Users\Juan\AppData\Local\Programs\MiKTeX 2.9\tex\generic\babel\babel.st
y"
Package: babel 2018/02/14 3.18 The Babel package
("C:\Users\Juan\AppData\Local\Programs\MiKTeX 2.9\tex\generic\babel\switch.def"
File: switch.def 2018/02/14 3.18 Babel switching mechanism
)
*************************************
* Local config file bblopts.cfg used
*
("C:\Users\Juan\AppData\Local\Programs\MiKTeX 2.9\tex\latex\arabi\bblopts.cfg"
File: bblopts.cfg 2005/09/08 v0.1 add Arabic and Farsi to "declared" options of
 babel
)
("C:\Users\Juan\AppData\Local\Programs\MiKTeX 2.9\tex\latex\babel-spanish\spani
sh.ldf"
Language: spanish.ldf 2016/03/03 v5.0p Spanish support from the babel system

("C:\Users\Juan\AppData\Local\Programs\MiKTeX 2.9\tex\generic\babel\babel.def"
File: babel.def 2018/02/14 3.18 Babel common definitions
\babel@savecnt=\count87
\U@D=\dimen103

("C:\Users\Juan\AppData\Local\Programs\MiKTeX 2.9\tex\generic\babel\txtbabel.de
f")
\bbl@dirlevel=\count88
)
\es@quottoks=\toks16
\es@quotdepth=\count89
Package babel Info: Making " an active character on input line 561.
Package babel Info: Making . an active character on input line 662.
Package babel Info: Making < an active character on input line 707.
Package babel Info: Making > an active character on input line 707.
)
("C:\Users\Juan\AppData\Local\Programs\MiKTeX 2.9\tex\latex\babel-english\engli
sh.ldf"
Language: english 2017/06/06 v3.3r English support from the babel system
\l@canadian = a dialect from \language\l@american 
\l@australian = a dialect from \language\l@british 
\l@newzealand = a dialect from \language\l@british 
))
("C:\Users\Juan\AppData\Local\Programs\MiKTeX 2.9\tex\latex\amsmath\amsmath.sty
"
Package: amsmath 2017/09/02 v2.17a AMS math features
\@mathmargin=\skip43

For additional information on amsmath, use the `?' option.
("C:\Users\Juan\AppData\Local\Programs\MiKTeX 2.9\tex\latex\amsmath\amstext.sty
"
Package: amstext 2000/06/29 v2.01 AMS text
 ("C:\Users\Juan\AppData\Local\Programs\MiKTeX 2.9\tex\latex\amsmath\amsgen.sty
"
File: amsgen.sty 1999/11/30 v2.0 generic functions
\@emptytoks=\toks17
\ex@=\dimen104
))
("C:\Users\Juan\AppData\Local\Programs\MiKTeX 2.9\tex\latex\amsmath\amsbsy.sty"
Package: amsbsy 1999/11/29 v1.2d Bold Symbols
\pmbraise@=\dimen105
) ("C:\Users\Juan\AppData\Local\Programs\MiKTeX 2.9\tex\latex\amsmath\amsopn.st
y"
Package: amsopn 2016/03/08 v2.02 operator names
)
\inf@bad=\count90
LaTeX Info: Redefining \frac on input line 213.
\uproot@=\count91
\leftroot@=\count92
LaTeX Info: Redefining \overline on input line 375.
\classnum@=\count93
\DOTSCASE@=\count94
LaTeX Info: Redefining \ldots on input line 472.
LaTeX Info: Redefining \dots on input line 475.
LaTeX Info: Redefining \cdots on input line 596.
\Mathstrutbox@=\box26
\strutbox@=\box27
\big@size=\dimen106
LaTeX Font Info:    Redeclaring font encoding OML on input line 712.
LaTeX Font Info:    Redeclaring font encoding OMS on input line 713.
\macc@depth=\count95
\c@MaxMatrixCols=\count96
\dotsspace@=\muskip10
\c@parentequation=\count97
\dspbrk@lvl=\count98
\tag@help=\toks18
\row@=\count99
\column@=\count100
\maxfields@=\count101
\andhelp@=\toks19
\eqnshift@=\dimen107
\alignsep@=\dimen108
\tagshift@=\dimen109
\tagwidth@=\dimen110
\totwidth@=\dimen111
\lineht@=\dimen112
\@envbody=\toks20
\multlinegap=\skip44
\multlinetaggap=\skip45
\mathdisplay@stack=\toks21
LaTeX Info: Redefining \[ on input line 2817.
LaTeX Info: Redefining \] on input line 2818.
) ("C:\Users\Juan\AppData\Local\Programs\MiKTeX 2.9\tex\latex\was\upgreek.sty"
Package: upgreek 2003/02/12 v2.0 (WaS)
Package upgreek Info: Using Euler Roman for upright Greek on input line 31.
\symugrf@m=\mathgroup4
LaTeX Font Info:    Overwriting symbol font `ugrf@m' in version `bold'
(Font)                  U/eur/m/n --> U/eur/b/n on input line 38.
)
("C:\Users\Juan\AppData\Local\Programs\MiKTeX 2.9\tex\latex\txfonts\txfonts.sty
"
Package: txfonts 2008/01/22 v3.2.1
LaTeX Font Info:    Redeclaring symbol font `operators' on input line 21.
LaTeX Font Info:    Overwriting symbol font `operators' in version `normal'
(Font)                  OT1/cmr/m/n --> OT1/txr/m/n on input line 21.
LaTeX Font Info:    Overwriting symbol font `operators' in version `bold'
(Font)                  OT1/cmr/bx/n --> OT1/txr/m/n on input line 21.
LaTeX Font Info:    Overwriting symbol font `operators' in version `bold'
(Font)                  OT1/txr/m/n --> OT1/txr/bx/n on input line 22.
\symitalic=\mathgroup5
LaTeX Font Info:    Overwriting symbol font `italic' in version `bold'
(Font)                  OT1/txr/m/it --> OT1/txr/bx/it on input line 26.
LaTeX Font Info:    Redeclaring math alphabet \mathbf on input line 29.
LaTeX Font Info:    Overwriting math alphabet `\mathbf' in version `normal'
(Font)                  OT1/cmr/bx/n --> OT1/txr/bx/n on input line 29.
LaTeX Font Info:    Overwriting math alphabet `\mathbf' in version `bold'
(Font)                  OT1/cmr/bx/n --> OT1/txr/bx/n on input line 29.
LaTeX Font Info:    Redeclaring math alphabet \mathit on input line 30.
LaTeX Font Info:    Overwriting math alphabet `\mathit' in version `normal'
(Font)                  OT1/cmr/m/it --> OT1/txr/m/it on input line 30.
LaTeX Font Info:    Overwriting math alphabet `\mathit' in version `bold'
(Font)                  OT1/cmr/bx/it --> OT1/txr/m/it on input line 30.
LaTeX Font Info:    Overwriting math alphabet `\mathit' in version `bold'
(Font)                  OT1/txr/m/it --> OT1/txr/bx/it on input line 31.
LaTeX Font Info:    Redeclaring math alphabet \mathsf on input line 40.
LaTeX Font Info:    Overwriting math alphabet `\mathsf' in version `normal'
(Font)                  OT1/cmss/m/n --> OT1/txss/m/n on input line 40.
LaTeX Font Info:    Overwriting math alphabet `\mathsf' in version `bold'
(Font)                  OT1/cmss/bx/n --> OT1/txss/m/n on input line 40.
LaTeX Font Info:    Overwriting math alphabet `\mathsf' in version `bold'
(Font)                  OT1/txss/m/n --> OT1/txss/b/n on input line 41.
LaTeX Font Info:    Redeclaring math alphabet \mathtt on input line 50.
LaTeX Font Info:    Overwriting math alphabet `\mathtt' in version `normal'
(Font)                  OT1/cmtt/m/n --> OT1/txtt/m/n on input line 50.
LaTeX Font Info:    Overwriting math alphabet `\mathtt' in version `bold'
(Font)                  OT1/cmtt/m/n --> OT1/txtt/m/n on input line 50.
LaTeX Font Info:    Overwriting math alphabet `\mathtt' in version `bold'
(Font)                  OT1/txtt/m/n --> OT1/txtt/b/n on input line 51.
LaTeX Font Info:    Redeclaring symbol font `letters' on input line 58.
LaTeX Font Info:    Overwriting symbol font `letters' in version `normal'
(Font)                  OML/cmm/m/it --> OML/txmi/m/it on input line 58.
LaTeX Font Info:    Overwriting symbol font `letters' in version `bold'
(Font)                  OML/cmm/b/it --> OML/txmi/m/it on input line 58.
LaTeX Font Info:    Overwriting symbol font `letters' in version `bold'
(Font)                  OML/txmi/m/it --> OML/txmi/bx/it on input line 59.
\symlettersA=\mathgroup6
LaTeX Font Info:    Overwriting symbol font `lettersA' in version `bold'
(Font)                  U/txmia/m/it --> U/txmia/bx/it on input line 67.
LaTeX Font Info:    Redeclaring symbol font `symbols' on input line 77.
LaTeX Font Info:    Overwriting symbol font `symbols' in version `normal'
(Font)                  OMS/cmsy/m/n --> OMS/txsy/m/n on input line 77.
LaTeX Font Info:    Overwriting symbol font `symbols' in version `bold'
(Font)                  OMS/cmsy/b/n --> OMS/txsy/m/n on input line 77.
LaTeX Font Info:    Overwriting symbol font `symbols' in version `bold'
(Font)                  OMS/txsy/m/n --> OMS/txsy/bx/n on input line 78.
\symAMSa=\mathgroup7
LaTeX Font Info:    Overwriting symbol font `AMSa' in version `bold'
(Font)                  U/txsya/m/n --> U/txsya/bx/n on input line 94.
\symAMSb=\mathgroup8
LaTeX Font Info:    Overwriting symbol font `AMSb' in version `bold'
(Font)                  U/txsyb/m/n --> U/txsyb/bx/n on input line 103.
\symsymbolsC=\mathgroup9
LaTeX Font Info:    Overwriting symbol font `symbolsC' in version `bold'
(Font)                  U/txsyc/m/n --> U/txsyc/bx/n on input line 113.
LaTeX Font Info:    Redeclaring symbol font `largesymbols' on input line 120.
LaTeX Font Info:    Overwriting symbol font `largesymbols' in version `normal'
(Font)                  OMX/cmex/m/n --> OMX/txex/m/n on input line 120.
LaTeX Font Info:    Overwriting symbol font `largesymbols' in version `bold'
(Font)                  OMX/cmex/m/n --> OMX/txex/m/n on input line 120.
LaTeX Font Info:    Overwriting symbol font `largesymbols' in version `bold'
(Font)                  OMX/txex/m/n --> OMX/txex/bx/n on input line 121.
\symlargesymbolsA=\mathgroup10
LaTeX Font Info:    Overwriting symbol font `largesymbolsA' in version `bold'
(Font)                  U/txexa/m/n --> U/txexa/bx/n on input line 129.
LaTeX Info: Redefining \not on input line 1043.
)
("C:\Users\Juan\AppData\Local\Programs\MiKTeX 2.9\tex\latex\preprint\authblk.st
y"
Package: authblk 2001/02/27 1.3 (PWD)
\affilsep=\skip46
\@affilsep=\skip47
\c@Maxaffil=\count102
\c@authors=\count103
\c@affil=\count104
)
("C:\Users\Juan\AppData\Local\Programs\MiKTeX 2.9\tex\latex\graphics\graphicx.s
ty"
Package: graphicx 2017/06/01 v1.1a Enhanced LaTeX Graphics (DPC,SPQR)

("C:\Users\Juan\AppData\Local\Programs\MiKTeX 2.9\tex\latex\graphics\keyval.sty
"
Package: keyval 2014/10/28 v1.15 key=value parser (DPC)
\KV@toks@=\toks22
)
("C:\Users\Juan\AppData\Local\Programs\MiKTeX 2.9\tex\latex\graphics\graphics.s
ty"
Package: graphics 2017/06/25 v1.2c Standard LaTeX Graphics (DPC,SPQR)

("C:\Users\Juan\AppData\Local\Programs\MiKTeX 2.9\tex\latex\graphics\trig.sty"
Package: trig 2016/01/03 v1.10 sin cos tan (DPC)
)
("C:\Users\Juan\AppData\Local\Programs\MiKTeX 2.9\tex\latex\graphics-cfg\graphi
cs.cfg"
File: graphics.cfg 2016/06/04 v1.11 sample graphics configuration
)
Package graphics Info: Driver file: pdftex.def on input line 99.

("C:\Users\Juan\AppData\Local\Programs\MiKTeX 2.9\tex\latex\graphics-def\pdftex
.def"
File: pdftex.def 2018/01/08 v1.0l Graphics/color driver for pdftex
))
\Gin@req@height=\dimen113
\Gin@req@width=\dimen114
)
("C:\Users\Juan\AppData\Local\Programs\MiKTeX 2.9\tex\latex\float\float.sty"
Package: float 2001/11/08 v1.3d Float enhancements (AL)
\c@float@type=\count105
\float@exts=\toks23
\float@box=\box28
\@float@everytoks=\toks24
\@floatcapt=\box29
)
("C:\Users\Juan\AppData\Local\Programs\MiKTeX 2.9\tex\latex\multirow\multirow.s
ty"
Package: multirow 2016/11/25 v2.2 Span multiple rows of a table
\multirow@colwidth=\skip48
\multirow@cntb=\count106
\multirow@dima=\skip49
\bigstrutjot=\dimen115
)
("C:\Users\Juan\AppData\Local\Programs\MiKTeX 2.9\tex\latex\makecell\makecell.s
ty"
Package: makecell 2009/08/03 V0.1e Managing of Tab Column Heads and Cells
 ("C:\Users\Juan\AppData\Local\Programs\MiKTeX 2.9\tex\latex\tools\array.sty"
Package: array 2016/10/06 v2.4d Tabular extension package (FMi)
\col@sep=\dimen116
\extrarowheight=\dimen117
\NC@list=\toks25
\extratabsurround=\skip50
\backup@length=\skip51
)
\rotheadsize=\dimen118
\c@nlinenum=\count107
\TeXr@lab=\toks26
)
("C:\Users\Juan\AppData\Local\Programs\MiKTeX 2.9\tex\latex\mathtools\mathtools
.sty"
Package: mathtools 2018/01/08 v1.21 mathematical typesetting tools
 ("C:\Users\Juan\AppData\Local\Programs\MiKTeX 2.9\tex\latex\tools\calc.sty"
Package: calc 2014/10/28 v4.3 Infix arithmetic (KKT,FJ)
\calc@Acount=\count108
\calc@Bcount=\count109
\calc@Adimen=\dimen119
\calc@Bdimen=\dimen120
\calc@Askip=\skip52
\calc@Bskip=\skip53
LaTeX Info: Redefining \setlength on input line 80.
LaTeX Info: Redefining \addtolength on input line 81.
\calc@Ccount=\count110
\calc@Cskip=\skip54
)
("C:\Users\Juan\AppData\Local\Programs\MiKTeX 2.9\tex\latex\mathtools\mhsetup.s
ty"
Package: mhsetup 2017/03/31 v1.3 programming setup (MH)
)
LaTeX Info: Thecontrolsequence`\('isalreadyrobust on input line 129.
LaTeX Info: Thecontrolsequence`\)'isalreadyrobust on input line 129.
LaTeX Info: Thecontrolsequence`\['isalreadyrobust on input line 129.
LaTeX Info: Thecontrolsequence`\]'isalreadyrobust on input line 129.
\g_MT_multlinerow_int=\count111
\l_MT_multwidth_dim=\dimen121
\origjot=\skip55
\l_MT_shortvdotswithinadjustabove_dim=\dimen122
\l_MT_shortvdotswithinadjustbelow_dim=\dimen123
\l_MT_above_intertext_sep=\dimen124
\l_MT_below_intertext_sep=\dimen125
\l_MT_above_shortintertext_sep=\dimen126
\l_MT_below_shortintertext_sep=\dimen127
)
("C:\Users\Juan\AppData\Local\Programs\MiKTeX 2.9\tex\latex\units\units.sty"
Package: units 1998/08/04 v0.9b Typesetting units

("C:\Users\Juan\AppData\Local\Programs\MiKTeX 2.9\tex\latex\base\ifthen.sty"
Package: ifthen 2014/09/29 v1.1c Standard LaTeX ifthen package (DPC)
)
("C:\Users\Juan\AppData\Local\Programs\MiKTeX 2.9\tex\latex\units\nicefrac.sty"
Package: nicefrac 1998/08/04 v0.9b Nice fractions
\L@UnitsRaiseDisplaystyle=\skip56
\L@UnitsRaiseTextstyle=\skip57
\L@UnitsRaiseScriptstyle=\skip58
))
("C:\Users\Juan\AppData\Local\Programs\MiKTeX 2.9\tex\latex\graphics\rotating.s
ty"
Package: rotating 2016/08/11 v2.16d rotated objects in LaTeX
\c@r@tfl@t=\count112
\rotFPtop=\skip59
\rotFPbot=\skip60
\rot@float@box=\box30
\rot@mess@toks=\toks27
)
("C:\Users\Juan\AppData\Local\Programs\MiKTeX 2.9\tex\latex\caption\caption.sty
"
Package: caption 2016/02/21 v3.3-144 Customizing captions (AR)

("C:\Users\Juan\AppData\Local\Programs\MiKTeX 2.9\tex\latex\caption\caption3.st
y"
Package: caption3 2016/05/22 v1.7-166 caption3 kernel (AR)
Package caption3 Info: TeX engine: e-TeX on input line 67.
\captionmargin=\dimen128
\captionmargin@=\dimen129
\captionwidth=\dimen130
\caption@tempdima=\dimen131
\caption@indent=\dimen132
\caption@parindent=\dimen133
\caption@hangindent=\dimen134
)
\c@ContinuedFloat=\count113
Package caption Info: float package is loaded.
Package caption Info: rotating package is loaded.
)
("C:\Users\Juan\AppData\Local\Programs\MiKTeX 2.9\tex\latex\caption\subcaption.
sty"
Package: subcaption 2016/05/22 v1.1-161 Sub-captions (AR)
\c@subfigure=\count114
\c@subtable=\count115
)
("C:\Users\Juan\AppData\Local\Programs\MiKTeX 2.9\tex\latex\hyperref\hyperref.s
ty"
Package: hyperref 2018/02/06 v6.86b Hypertext links for LaTeX

("C:\Users\Juan\AppData\Local\Programs\MiKTeX 2.9\tex\generic\oberdiek\hobsub-h
yperref.sty"
Package: hobsub-hyperref 2016/05/16 v1.14 Bundle oberdiek, subset hyperref (HO)


("C:\Users\Juan\AppData\Local\Programs\MiKTeX 2.9\tex\generic\oberdiek\hobsub-g
eneric.sty"
Package: hobsub-generic 2016/05/16 v1.14 Bundle oberdiek, subset generic (HO)
Package: hobsub 2016/05/16 v1.14 Construct package bundles (HO)
Package: infwarerr 2016/05/16 v1.4 Providing info/warning/error messages (HO)
Package: ltxcmds 2016/05/16 v1.23 LaTeX kernel commands for general use (HO)
Package: ifluatex 2016/05/16 v1.4 Provides the ifluatex switch (HO)
Package ifluatex Info: LuaTeX not detected.
Package: ifvtex 2016/05/16 v1.6 Detect VTeX and its facilities (HO)
Package ifvtex Info: VTeX not detected.
Package: intcalc 2016/05/16 v1.2 Expandable calculations with integers (HO)
Package: ifpdf 2017/03/15 v3.2 Provides the ifpdf switch
Package: etexcmds 2016/05/16 v1.6 Avoid name clashes with e-TeX commands (HO)
Package etexcmds Info: Could not find \expanded.
(etexcmds)             That can mean that you are not using pdfTeX 1.50 or
(etexcmds)             that some package has redefined \expanded.
(etexcmds)             In the latter case, load this package earlier.
Package: kvsetkeys 2016/05/16 v1.17 Key value parser (HO)
Package: kvdefinekeys 2016/05/16 v1.4 Define keys (HO)
Package: pdftexcmds 2018/01/21 v0.26 Utility functions of pdfTeX for LuaTeX (HO
)
Package pdftexcmds Info: LuaTeX not detected.
Package pdftexcmds Info: \pdf@primitive is available.
Package pdftexcmds Info: \pdf@ifprimitive is available.
Package pdftexcmds Info: \pdfdraftmode found.
Package: pdfescape 2016/05/16 v1.14 Implements pdfTeX's escape features (HO)
Package: bigintcalc 2016/05/16 v1.4 Expandable calculations on big integers (HO
)
Package: bitset 2016/05/16 v1.2 Handle bit-vector datatype (HO)
Package: uniquecounter 2016/05/16 v1.3 Provide unlimited unique counter (HO)
)
Package hobsub Info: Skipping package `hobsub' (already loaded).
Package: letltxmacro 2016/05/16 v1.5 Let assignment for LaTeX macros (HO)
Package: hopatch 2016/05/16 v1.3 Wrapper for package hooks (HO)
Package: xcolor-patch 2016/05/16 xcolor patch
Package: atveryend 2016/05/16 v1.9 Hooks at the very end of document (HO)
Package atveryend Info: \enddocument detected (standard20110627).
Package: atbegshi 2016/06/09 v1.18 At begin shipout hook (HO)
Package: refcount 2016/05/16 v3.5 Data extraction from label references (HO)
Package: hycolor 2016/05/16 v1.8 Color options for hyperref/bookmark (HO)
)
("C:\Users\Juan\AppData\Local\Programs\MiKTeX 2.9\tex\generic\ifxetex\ifxetex.s
ty"
Package: ifxetex 2010/09/12 v0.6 Provides ifxetex conditional
)
("C:\Users\Juan\AppData\Local\Programs\MiKTeX 2.9\tex\latex\oberdiek\auxhook.st
y"
Package: auxhook 2016/05/16 v1.4 Hooks for auxiliary files (HO)
)
("C:\Users\Juan\AppData\Local\Programs\MiKTeX 2.9\tex\latex\oberdiek\kvoptions.
sty"
Package: kvoptions 2016/05/16 v3.12 Key value format for package options (HO)
)
\@linkdim=\dimen135
\Hy@linkcounter=\count116
\Hy@pagecounter=\count117

("C:\Users\Juan\AppData\Local\Programs\MiKTeX 2.9\tex\latex\hyperref\pd1enc.def
"
File: pd1enc.def 2018/02/06 v6.86b Hyperref: PDFDocEncoding definition (HO)
Now handling font encoding PD1 ...
... no UTF-8 mapping file for font encoding PD1
)
\Hy@SavedSpaceFactor=\count118

("C:\Users\Juan\AppData\Local\Programs\MiKTeX 2.9\tex\latex\00miktex\hyperref.c
fg"
File: hyperref.cfg 2002/06/06 v1.2 hyperref configuration of TeXLive
)
Package hyperref Info: Hyper figures OFF on input line 4509.
Package hyperref Info: Link nesting OFF on input line 4514.
Package hyperref Info: Hyper index ON on input line 4517.
Package hyperref Info: Plain pages OFF on input line 4524.
Package hyperref Info: Backreferencing OFF on input line 4529.
Package hyperref Info: Implicit mode ON; LaTeX internals redefined.
Package hyperref Info: Bookmarks ON on input line 4762.
\c@Hy@tempcnt=\count119
 ("C:\Users\Juan\AppData\Local\Programs\MiKTeX 2.9\tex\latex\url\url.sty"
\Urlmuskip=\muskip11
Package: url 2013/09/16  ver 3.4  Verb mode for urls, etc.
)
LaTeX Info: Redefining \url on input line 5115.
\XeTeXLinkMargin=\dimen136
\Fld@menulength=\count120
\Field@Width=\dimen137
\Fld@charsize=\dimen138
Package hyperref Info: Hyper figures OFF on input line 6369.
Package hyperref Info: Link nesting OFF on input line 6374.
Package hyperref Info: Hyper index ON on input line 6377.
Package hyperref Info: backreferencing OFF on input line 6384.
Package hyperref Info: Link coloring OFF on input line 6389.
Package hyperref Info: Link coloring with OCG OFF on input line 6394.
Package hyperref Info: PDF/A mode OFF on input line 6399.
LaTeX Info: Redefining \ref on input line 6439.
LaTeX Info: Redefining \pageref on input line 6443.
\Hy@abspage=\count121
\c@Item=\count122
\c@Hfootnote=\count123
)
Package hyperref Info: Driver (autodetected): hpdftex.

("C:\Users\Juan\AppData\Local\Programs\MiKTeX 2.9\tex\latex\hyperref\hpdftex.de
f"
File: hpdftex.def 2018/02/06 v6.86b Hyperref driver for pdfTeX
\Fld@listcount=\count124
\c@bookmark@seq@number=\count125

("C:\Users\Juan\AppData\Local\Programs\MiKTeX 2.9\tex\latex\oberdiek\rerunfilec
heck.sty"
Package: rerunfilecheck 2016/05/16 v1.8 Rerun checks for auxiliary files (HO)
Package uniquecounter Info: New unique counter `rerunfilecheck' on input line 2
82.
)
\Hy@SectionHShift=\skip61
)
("C:\Users\Juan\AppData\Local\Programs\MiKTeX 2.9\tex\latex\hyperref\nameref.st
y"
Package: nameref 2016/05/21 v2.44 Cross-referencing by name of section

("C:\Users\Juan\AppData\Local\Programs\MiKTeX 2.9\tex\generic\oberdiek\gettitle
string.sty"
Package: gettitlestring 2016/05/16 v1.5 Cleanup title references (HO)
)
\c@section@level=\count126
)
("C:\Users\Juan\AppData\Local\Programs\MiKTeX 2.9\tex\latex\natbib\natbib.sty"
Package: natbib 2010/09/13 8.31b (PWD, AO)
\bibhang=\skip62
\bibsep=\skip63
LaTeX Info: Redefining \cite on input line 694.
\c@NAT@ctr=\count127
) ("C:\Users\Juan\AppData\Local\Programs\MiKTeX 2.9\tex\latex\xcolor\xcolor.sty
"
Package: xcolor 2016/05/11 v2.12 LaTeX color extensions (UK)

("C:\Users\Juan\AppData\Local\Programs\MiKTeX 2.9\tex\latex\graphics-cfg\color.
cfg"
File: color.cfg 2016/01/02 v1.6 sample color configuration
)
Package xcolor Info: Driver file: pdftex.def on input line 225.

("C:\Users\Juan\AppData\Local\Programs\MiKTeX 2.9\tex\latex\colortbl\colortbl.s
ty"
Package: colortbl 2020/01/04 v1.0e Color table columns (DPC)
\everycr=\toks28
\minrowclearance=\skip64
)
\rownum=\count128
Package xcolor Info: Model `cmy' substituted by `cmy0' on input line 1348.
Package xcolor Info: Model `hsb' substituted by `rgb' on input line 1352.
Package xcolor Info: Model `RGB' extended on input line 1364.
Package xcolor Info: Model `HTML' substituted by `rgb' on input line 1366.
Package xcolor Info: Model `Hsb' substituted by `hsb' on input line 1367.
Package xcolor Info: Model `tHsb' substituted by `hsb' on input line 1368.
Package xcolor Info: Model `HSB' substituted by `hsb' on input line 1369.
Package xcolor Info: Model `Gray' substituted by `gray' on input line 1370.
Package xcolor Info: Model `wave' substituted by `hsb' on input line 1371.
)
("C:\Users\Juan\AppData\Local\Programs\MiKTeX 2.9\tex\latex\geometry\geometry.s
ty"
Package: geometry 2010/09/12 v5.6 Page Geometry
\Gm@cnth=\count129
\Gm@cntv=\count130
\c@Gm@tempcnt=\count131
\Gm@bindingoffset=\dimen139
\Gm@wd@mp=\dimen140
\Gm@odd@mp=\dimen141
\Gm@even@mp=\dimen142
\Gm@layoutwidth=\dimen143
\Gm@layoutheight=\dimen144
\Gm@layouthoffset=\dimen145
\Gm@layoutvoffset=\dimen146
\Gm@dimlist=\toks29

("C:\Users\Juan\AppData\Local\Programs\MiKTeX 2.9\tex\latex\geometry\geometry.c
fg"))
("C:\Users\Juan\AppData\Local\Programs\MiKTeX 2.9\tex\latex\lineno\lineno.sty"
Package: lineno 2005/11/02 line numbers on paragraphs v4.41
\linenopenalty=\count132
\output=\toks30
\linenoprevgraf=\count133
\linenumbersep=\dimen147
\linenumberwidth=\dimen148
\c@linenumber=\count134
\c@pagewiselinenumber=\count135
\c@LN@truepage=\count136
\c@internallinenumber=\count137
\c@internallinenumbers=\count138
\quotelinenumbersep=\dimen149
\bframerule=\dimen150
\bframesep=\dimen151
\bframebox=\box31
LaTeX Info: Redefining \\ on input line 3056.
) ("C:\Users\Juan\AppData\Local\Programs\MiKTeX 2.9\tex\latex\base\textcomp.sty
"
Package: textcomp 2017/04/05 v2.0i Standard LaTeX package
Package textcomp Info: Sub-encoding information:
(textcomp)               5 = only ISO-Adobe without \textcurrency
(textcomp)               4 = 5 + \texteuro
(textcomp)               3 = 4 + \textohm
(textcomp)               2 = 3 + \textestimated + \textcurrency
(textcomp)               1 = TS1 - \textcircled - \t
(textcomp)               0 = TS1 (full)
(textcomp)             Font families with sub-encoding setting implement
(textcomp)             only a restricted character set as indicated.
(textcomp)             Family '?' is the default used for unknown fonts.
(textcomp)             See the documentation for details.
Package textcomp Info: Setting ? sub-encoding to TS1/1 on input line 79.
("C:\Users\Juan\AppData\Local\Programs\MiKTeX 2.9\tex\latex\base\ts1enc.def"
File: ts1enc.def 2001/06/05 v3.0e (jk/car/fm) Standard LaTeX file
Now handling font encoding TS1 ...
... processing UTF-8 mapping file for font encoding TS1

("C:\Users\Juan\AppData\Local\Programs\MiKTeX 2.9\tex\latex\base\ts1enc.dfu"
File: ts1enc.dfu 2017/01/28 v1.1t UTF-8 support for inputenc
   defining Unicode char U+00A2 (decimal 162)
   defining Unicode char U+00A3 (decimal 163)
   defining Unicode char U+00A4 (decimal 164)
   defining Unicode char U+00A5 (decimal 165)
   defining Unicode char U+00A6 (decimal 166)
   defining Unicode char U+00A7 (decimal 167)
   defining Unicode char U+00A8 (decimal 168)
   defining Unicode char U+00A9 (decimal 169)
   defining Unicode char U+00AA (decimal 170)
   defining Unicode char U+00AC (decimal 172)
   defining Unicode char U+00AE (decimal 174)
   defining Unicode char U+00AF (decimal 175)
   defining Unicode char U+00B0 (decimal 176)
   defining Unicode char U+00B1 (decimal 177)
   defining Unicode char U+00B2 (decimal 178)
   defining Unicode char U+00B3 (decimal 179)
   defining Unicode char U+00B4 (decimal 180)
   defining Unicode char U+00B5 (decimal 181)
   defining Unicode char U+00B6 (decimal 182)
   defining Unicode char U+00B7 (decimal 183)
   defining Unicode char U+00B9 (decimal 185)
   defining Unicode char U+00BA (decimal 186)
   defining Unicode char U+00BC (decimal 188)
   defining Unicode char U+00BD (decimal 189)
   defining Unicode char U+00BE (decimal 190)
   defining Unicode char U+00D7 (decimal 215)
   defining Unicode char U+00F7 (decimal 247)
   defining Unicode char U+0192 (decimal 402)
   defining Unicode char U+02C7 (decimal 711)
   defining Unicode char U+02D8 (decimal 728)
   defining Unicode char U+02DD (decimal 733)
   defining Unicode char U+0E3F (decimal 3647)
   defining Unicode char U+2016 (decimal 8214)
   defining Unicode char U+2020 (decimal 8224)
   defining Unicode char U+2021 (decimal 8225)
   defining Unicode char U+2022 (decimal 8226)
   defining Unicode char U+2030 (decimal 8240)
   defining Unicode char U+2031 (decimal 8241)
   defining Unicode char U+203B (decimal 8251)
   defining Unicode char U+203D (decimal 8253)
   defining Unicode char U+2044 (decimal 8260)
   defining Unicode char U+204E (decimal 8270)
   defining Unicode char U+2052 (decimal 8274)
   defining Unicode char U+20A1 (decimal 8353)
   defining Unicode char U+20A4 (decimal 8356)
   defining Unicode char U+20A6 (decimal 8358)
   defining Unicode char U+20A9 (decimal 8361)
   defining Unicode char U+20AB (decimal 8363)
   defining Unicode char U+20AC (decimal 8364)
   defining Unicode char U+20B1 (decimal 8369)
   defining Unicode char U+2103 (decimal 8451)
   defining Unicode char U+2116 (decimal 8470)
   defining Unicode char U+2117 (decimal 8471)
   defining Unicode char U+211E (decimal 8478)
   defining Unicode char U+2120 (decimal 8480)
   defining Unicode char U+2122 (decimal 8482)
   defining Unicode char U+2126 (decimal 8486)
   defining Unicode char U+2127 (decimal 8487)
   defining Unicode char U+212E (decimal 8494)
   defining Unicode char U+2190 (decimal 8592)
   defining Unicode char U+2191 (decimal 8593)
   defining Unicode char U+2192 (decimal 8594)
   defining Unicode char U+2193 (decimal 8595)
   defining Unicode char U+2329 (decimal 9001)
   defining Unicode char U+232A (decimal 9002)
   defining Unicode char U+2422 (decimal 9250)
   defining Unicode char U+25E6 (decimal 9702)
   defining Unicode char U+25EF (decimal 9711)
   defining Unicode char U+266A (decimal 9834)
))
LaTeX Info: Redefining \oldstylenums on input line 334.
Package textcomp Info: Setting cmr sub-encoding to TS1/0 on input line 349.
Package textcomp Info: Setting cmss sub-encoding to TS1/0 on input line 350.
Package textcomp Info: Setting cmtt sub-encoding to TS1/0 on input line 351.
Package textcomp Info: Setting cmvtt sub-encoding to TS1/0 on input line 352.
Package textcomp Info: Setting cmbr sub-encoding to TS1/0 on input line 353.
Package textcomp Info: Setting cmtl sub-encoding to TS1/0 on input line 354.
Package textcomp Info: Setting ccr sub-encoding to TS1/0 on input line 355.
Package textcomp Info: Setting ptm sub-encoding to TS1/4 on input line 356.
Package textcomp Info: Setting pcr sub-encoding to TS1/4 on input line 357.
Package textcomp Info: Setting phv sub-encoding to TS1/4 on input line 358.
Package textcomp Info: Setting ppl sub-encoding to TS1/3 on input line 359.
Package textcomp Info: Setting pag sub-encoding to TS1/4 on input line 360.
Package textcomp Info: Setting pbk sub-encoding to TS1/4 on input line 361.
Package textcomp Info: Setting pnc sub-encoding to TS1/4 on input line 362.
Package textcomp Info: Setting pzc sub-encoding to TS1/4 on input line 363.
Package textcomp Info: Setting bch sub-encoding to TS1/4 on input line 364.
Package textcomp Info: Setting put sub-encoding to TS1/5 on input line 365.
Package textcomp Info: Setting uag sub-encoding to TS1/5 on input line 366.
Package textcomp Info: Setting ugq sub-encoding to TS1/5 on input line 367.
Package textcomp Info: Setting ul8 sub-encoding to TS1/4 on input line 368.
Package textcomp Info: Setting ul9 sub-encoding to TS1/4 on input line 369.
Package textcomp Info: Setting augie sub-encoding to TS1/5 on input line 370.
Package textcomp Info: Setting dayrom sub-encoding to TS1/3 on input line 371.
Package textcomp Info: Setting dayroms sub-encoding to TS1/3 on input line 372.

Package textcomp Info: Setting pxr sub-encoding to TS1/0 on input line 373.
Package textcomp Info: Setting pxss sub-encoding to TS1/0 on input line 374.
Package textcomp Info: Setting pxtt sub-encoding to TS1/0 on input line 375.
Package textcomp Info: Setting txr sub-encoding to TS1/0 on input line 376.
Package textcomp Info: Setting txss sub-encoding to TS1/0 on input line 377.
Package textcomp Info: Setting txtt sub-encoding to TS1/0 on input line 378.
Package textcomp Info: Setting lmr sub-encoding to TS1/0 on input line 379.
Package textcomp Info: Setting lmdh sub-encoding to TS1/0 on input line 380.
Package textcomp Info: Setting lmss sub-encoding to TS1/0 on input line 381.
Package textcomp Info: Setting lmssq sub-encoding to TS1/0 on input line 382.
Package textcomp Info: Setting lmvtt sub-encoding to TS1/0 on input line 383.
Package textcomp Info: Setting lmtt sub-encoding to TS1/0 on input line 384.
Package textcomp Info: Setting qhv sub-encoding to TS1/0 on input line 385.
Package textcomp Info: Setting qag sub-encoding to TS1/0 on input line 386.
Package textcomp Info: Setting qbk sub-encoding to TS1/0 on input line 387.
Package textcomp Info: Setting qcr sub-encoding to TS1/0 on input line 388.
Package textcomp Info: Setting qcs sub-encoding to TS1/0 on input line 389.
Package textcomp Info: Setting qpl sub-encoding to TS1/0 on input line 390.
Package textcomp Info: Setting qtm sub-encoding to TS1/0 on input line 391.
Package textcomp Info: Setting qzc sub-encoding to TS1/0 on input line 392.
Package textcomp Info: Setting qhvc sub-encoding to TS1/0 on input line 393.
Package textcomp Info: Setting futs sub-encoding to TS1/4 on input line 394.
Package textcomp Info: Setting futx sub-encoding to TS1/4 on input line 395.
Package textcomp Info: Setting futj sub-encoding to TS1/4 on input line 396.
Package textcomp Info: Setting hlh sub-encoding to TS1/3 on input line 397.
Package textcomp Info: Setting hls sub-encoding to TS1/3 on input line 398.
Package textcomp Info: Setting hlst sub-encoding to TS1/3 on input line 399.
Package textcomp Info: Setting hlct sub-encoding to TS1/5 on input line 400.
Package textcomp Info: Setting hlx sub-encoding to TS1/5 on input line 401.
Package textcomp Info: Setting hlce sub-encoding to TS1/5 on input line 402.
Package textcomp Info: Setting hlcn sub-encoding to TS1/5 on input line 403.
Package textcomp Info: Setting hlcw sub-encoding to TS1/5 on input line 404.
Package textcomp Info: Setting hlcf sub-encoding to TS1/5 on input line 405.
Package textcomp Info: Setting pplx sub-encoding to TS1/3 on input line 406.
Package textcomp Info: Setting pplj sub-encoding to TS1/3 on input line 407.
Package textcomp Info: Setting ptmx sub-encoding to TS1/4 on input line 408.
Package textcomp Info: Setting ptmj sub-encoding to TS1/4 on input line 409.
)
("C:\Users\Juan\AppData\Local\Programs\MiKTeX 2.9\tex\latex\mdframed\mdframed.s
ty"
Package: mdframed 2013/07/01 1.9b: mdframed

("C:\Users\Juan\AppData\Local\Programs\MiKTeX 2.9\tex\latex\l3packages\xparse\x
parse.sty"
("C:\Users\Juan\AppData\Local\Programs\MiKTeX 2.9\tex\latex\l3kernel\expl3.sty"
Package: expl3 2018-04-30 L3 programming layer (loader) 

("C:\Users\Juan\AppData\Local\Programs\MiKTeX 2.9\tex\latex\l3kernel\expl3-code
.tex"
Package: expl3 2018-04-30 L3 programming layer (code)
\c_max_int=\count139
\l_tmpa_int=\count140
\l_tmpb_int=\count141
\g_tmpa_int=\count142
\g_tmpb_int=\count143
\g__kernel_prg_map_int=\count144
\c_log_iow=\count145
\l_iow_line_count_int=\count146
\l__iow_line_target_int=\count147
\l__iow_one_indent_int=\count148
\l__iow_indent_int=\count149
\c_zero_dim=\dimen152
\c_max_dim=\dimen153
\l_tmpa_dim=\dimen154
\l_tmpb_dim=\dimen155
\g_tmpa_dim=\dimen156
\g_tmpb_dim=\dimen157
\c_zero_skip=\skip65
\c_max_skip=\skip66
\l_tmpa_skip=\skip67
\l_tmpb_skip=\skip68
\g_tmpa_skip=\skip69
\g_tmpb_skip=\skip70
\c_zero_muskip=\muskip12
\c_max_muskip=\muskip13
\l_tmpa_muskip=\muskip14
\l_tmpb_muskip=\muskip15
\g_tmpa_muskip=\muskip16
\g_tmpb_muskip=\muskip17
\l_keys_choice_int=\count150
\c__fp_leading_shift_int=\count151
\c__fp_middle_shift_int=\count152
\c__fp_trailing_shift_int=\count153
\c__fp_big_leading_shift_int=\count154
\c__fp_big_middle_shift_int=\count155
\c__fp_big_trailing_shift_int=\count156
\c__fp_Bigg_leading_shift_int=\count157
\c__fp_Bigg_middle_shift_int=\count158
\c__fp_Bigg_trailing_shift_int=\count159
\c__fp_rand_size_int=\count160
\c__fp_rand_four_int=\count161
\c__fp_rand_eight_int=\count162
\c__intarray_sp_dim=\dimen158
\g__intarray_font_int=\count163
\l__sort_length_int=\count164
\l__sort_min_int=\count165
\l__sort_top_int=\count166
\l__sort_max_int=\count167
\l__sort_true_max_int=\count168
\l__sort_block_int=\count169
\l__sort_begin_int=\count170
\l__sort_end_int=\count171
\l__sort_A_int=\count172
\l__sort_B_int=\count173
\l__sort_C_int=\count174
\l__tl_analysis_normal_int=\count175
\l__tl_analysis_index_int=\count176
\l__tl_analysis_nesting_int=\count177
\l__tl_analysis_type_int=\count178
\l__regex_internal_a_int=\count179
\l__regex_internal_b_int=\count180
\l__regex_internal_c_int=\count181
\l__regex_balance_int=\count182
\l__regex_group_level_int=\count183
\l__regex_mode_int=\count184
\c__regex_cs_in_class_mode_int=\count185
\c__regex_cs_mode_int=\count186
\l__regex_catcodes_int=\count187
\l__regex_default_catcodes_int=\count188
\c__regex_catcode_D_int=\count189
\c__regex_catcode_S_int=\count190
\c__regex_catcode_L_int=\count191
\c__regex_catcode_O_int=\count192
\c__regex_catcode_A_int=\count193
\c__regex_all_catcodes_int=\count194
\l__regex_show_lines_int=\count195
\l__regex_min_state_int=\count196
\l__regex_max_state_int=\count197
\l__regex_left_state_int=\count198
\l__regex_right_state_int=\count199
\l__regex_capturing_group_int=\count266
\l__regex_min_pos_int=\count267
\l__regex_max_pos_int=\count268
\l__regex_curr_pos_int=\count269
\l__regex_start_pos_int=\count270
\l__regex_success_pos_int=\count271
\l__regex_curr_char_int=\count272
\l__regex_curr_catcode_int=\count273
\l__regex_last_char_int=\count274
\l__regex_case_changed_char_int=\count275
\l__regex_curr_state_int=\count276
\l__regex_step_int=\count277
\l__regex_min_active_int=\count278
\l__regex_max_active_int=\count279
\l__regex_replacement_csnames_int=\count280
\l__regex_match_count_int=\count281
\l__regex_min_submatch_int=\count282
\l__regex_submatch_int=\count283
\l__regex_zeroth_submatch_int=\count284
\g__regex_trace_regex_int=\count285
\c_empty_box=\box32
\l_tmpa_box=\box33
\l_tmpb_box=\box34
\g_tmpa_box=\box35
\g_tmpb_box=\box36
\l__box_top_dim=\dimen159
\l__box_bottom_dim=\dimen160
\l__box_left_dim=\dimen161
\l__box_right_dim=\dimen162
\l__box_top_new_dim=\dimen163
\l__box_bottom_new_dim=\dimen164
\l__box_left_new_dim=\dimen165
\l__box_right_new_dim=\dimen166
\l__box_internal_box=\box37
\l__coffin_internal_box=\box38
\l__coffin_internal_dim=\dimen167
\l__coffin_offset_x_dim=\dimen168
\l__coffin_offset_y_dim=\dimen169
\l__coffin_x_dim=\dimen170
\l__coffin_y_dim=\dimen171
\l__coffin_x_prime_dim=\dimen172
\l__coffin_y_prime_dim=\dimen173
\c_empty_coffin=\box39
\l__coffin_aligned_coffin=\box40
\l__coffin_aligned_internal_coffin=\box41
\l_tmpa_coffin=\box42
\l_tmpb_coffin=\box43
\l__coffin_display_coffin=\box44
\l__coffin_display_coord_coffin=\box45
\l__coffin_display_pole_coffin=\box46
\l__coffin_display_offset_dim=\dimen174
\l__coffin_display_x_dim=\dimen175
\l__coffin_display_y_dim=\dimen176
\g__file_internal_ior=\read1
\l__coffin_bounding_shift_dim=\dimen177
\l__coffin_left_corner_dim=\dimen178
\l__coffin_right_corner_dim=\dimen179
\l__coffin_bottom_corner_dim=\dimen180
\l__coffin_top_corner_dim=\dimen181
\l__coffin_scaled_total_height_dim=\dimen182
\l__coffin_scaled_width_dim=\dimen183
\l__seq_internal_a_int=\count286
\l__seq_internal_b_int=\count287
)
("C:\Users\Juan\AppData\Local\Programs\MiKTeX 2.9\tex\latex\l3kernel\l3pdfmode.
def"
File: l3pdfmode.def 2018-04-30 v L3 Experimental driver: PDF mode
\l__driver_color_stack_int=\count288
))
Package: xparse 2018-04-30 L3 Experimental document command parser
\l__xparse_current_arg_int=\count289
\g__xparse_grabber_int=\count290
\l__xparse_m_args_int=\count291
\l__xparse_mandatory_args_int=\count292
\l__xparse_v_nesting_int=\count293
)
("C:\Users\Juan\AppData\Local\Programs\MiKTeX 2.9\tex\latex\etoolbox\etoolbox.s
ty"
Package: etoolbox 2018/08/19 v2.5f e-TeX tools for LaTeX (JAW)
\etb@tempcnta=\count294
)
("C:\Users\Juan\AppData\Local\Programs\MiKTeX 2.9\tex\latex\oberdiek\zref-abspa
ge.sty"
Package: zref-abspage 2016/05/21 v2.26 Module abspage for zref (HO)

("C:\Users\Juan\AppData\Local\Programs\MiKTeX 2.9\tex\latex\oberdiek\zref-base.
sty"
Package: zref-base 2016/05/21 v2.26 Module base for zref (HO)
Package zref Info: New property list: main on input line 759.
Package zref Info: New property: default on input line 760.
Package zref Info: New property: page on input line 761.
)
\c@abspage=\count295
Package zref Info: New property: abspage on input line 62.
)
("C:\Users\Juan\AppData\Local\Programs\MiKTeX 2.9\tex\latex\needspace\needspace
.sty"
Package: needspace 2010/09/12 v1.3d reserve vertical space
)
\mdf@templength=\skip71
\c@mdf@globalstyle@cnt=\count296
\mdf@skipabove@length=\skip72
\mdf@skipbelow@length=\skip73
\mdf@leftmargin@length=\skip74
\mdf@rightmargin@length=\skip75
\mdf@innerleftmargin@length=\skip76
\mdf@innerrightmargin@length=\skip77
\mdf@innertopmargin@length=\skip78
\mdf@innerbottommargin@length=\skip79
\mdf@splittopskip@length=\skip80
\mdf@splitbottomskip@length=\skip81
\mdf@outermargin@length=\skip82
\mdf@innermargin@length=\skip83
\mdf@linewidth@length=\skip84
\mdf@innerlinewidth@length=\skip85
\mdf@middlelinewidth@length=\skip86
\mdf@outerlinewidth@length=\skip87
\mdf@roundcorner@length=\skip88
\mdf@footenotedistance@length=\skip89
\mdf@userdefinedwidth@length=\skip90
\mdf@needspace@length=\skip91
\mdf@frametitleaboveskip@length=\skip92
\mdf@frametitlebelowskip@length=\skip93
\mdf@frametitlerulewidth@length=\skip94
\mdf@frametitleleftmargin@length=\skip95
\mdf@frametitlerightmargin@length=\skip96
\mdf@shadowsize@length=\skip97
\mdf@extratopheight@length=\skip98
\mdf@subtitleabovelinewidth@length=\skip99
\mdf@subtitlebelowlinewidth@length=\skip100
\mdf@subtitleaboveskip@length=\skip101
\mdf@subtitlebelowskip@length=\skip102
\mdf@subtitleinneraboveskip@length=\skip103
\mdf@subtitleinnerbelowskip@length=\skip104
\mdf@subsubtitleabovelinewidth@length=\skip105
\mdf@subsubtitlebelowlinewidth@length=\skip106
\mdf@subsubtitleaboveskip@length=\skip107
\mdf@subsubtitlebelowskip@length=\skip108
\mdf@subsubtitleinneraboveskip@length=\skip109
\mdf@subsubtitleinnerbelowskip@length=\skip110

("C:\Users\Juan\AppData\Local\Programs\MiKTeX 2.9\tex\latex\mdframed\md-frame-0
.mdf"
File: md-frame-0.mdf 2013/07/01\ 1.9b: md-frame-0
)
\mdf@frametitlebox=\box47
\mdf@footnotebox=\box48
\mdf@splitbox@one=\box49
\mdf@splitbox@two=\box50
\mdf@splitbox@save=\box51
\mdfsplitboxwidth=\skip111
\mdfsplitboxtotalwidth=\skip112
\mdfsplitboxheight=\skip113
\mdfsplitboxdepth=\skip114
\mdfsplitboxtotalheight=\skip115
\mdfframetitleboxwidth=\skip116
\mdfframetitleboxtotalwidth=\skip117
\mdfframetitleboxheight=\skip118
\mdfframetitleboxdepth=\skip119
\mdfframetitleboxtotalheight=\skip120
\mdffootnoteboxwidth=\skip121
\mdffootnoteboxtotalwidth=\skip122
\mdffootnoteboxheight=\skip123
\mdffootnoteboxdepth=\skip124
\mdffootnoteboxtotalheight=\skip125
\mdftotallinewidth=\skip126
\mdfboundingboxwidth=\skip127
\mdfboundingboxtotalwidth=\skip128
\mdfboundingboxheight=\skip129
\mdfboundingboxdepth=\skip130
\mdfboundingboxtotalheight=\skip131
\mdf@freevspace@length=\skip132
\mdf@horizontalwidthofbox@length=\skip133
\mdf@verticalmarginwhole@length=\skip134
\mdf@horizontalspaceofbox=\skip135
\mdfsubtitleheight=\skip136
\mdfsubsubtitleheight=\skip137
\c@mdfcountframes=\count297

****** mdframed patching \endmdf@trivlist

****** -- success******

.................................................
. LaTeX info: "xparse/define-command"
. 
. Defining command \newmdtheoremenv with sig. 'O{} m o m o ' on line 601.
.................................................
.................................................
. LaTeX info: "xparse/define-command"
. 
. Defining command \mdtheorem with sig. ' O{} m o m o ' on line 701.
.................................................
\mdf@envdepth=\count298
\c@mdf@env@i=\count299
\c@mdf@env@ii=\count300
\c@mdf@zref@counter=\count301
Package zref Info: New property: mdf@pagevalue on input line 895.
)
("C:\Users\Juan\AppData\Local\Programs\MiKTeX 2.9\tex\fonts\ifsym\ifsym.sty"
Package: ifsym 2000/04/18 I.Kloeckl
\c@ifsymcnt=\count302
)
Package hyperref Info: Option `colorlinks' set `true' on input line 42.

No file draft_v4.aux.
\openout1 = `draft_v4.aux'.

LaTeX Font Info:    Checking defaults for OML/txmi/m/it on input line 95.
LaTeX Font Info:    Try loading font information for OML+txmi on input line 95.

("C:\Users\Juan\AppData\Local\Programs\MiKTeX 2.9\tex\latex\txfonts\omltxmi.fd"
File: omltxmi.fd 2000/12/15 v3.1
)
LaTeX Font Info:    ... okay on input line 95.
LaTeX Font Info:    Checking defaults for T1/cmr/m/n on input line 95.
LaTeX Font Info:    ... okay on input line 95.
LaTeX Font Info:    Checking defaults for OT1/cmr/m/n on input line 95.
LaTeX Font Info:    ... okay on input line 95.
LaTeX Font Info:    Checking defaults for OMS/txsy/m/n on input line 95.
LaTeX Font Info:    Try loading font information for OMS+txsy on input line 95.

 ("C:\Users\Juan\AppData\Local\Programs\MiKTeX 2.9\tex\latex\txfonts\omstxsy.fd
"
File: omstxsy.fd 2000/12/15 v3.1
)
LaTeX Font Info:    ... okay on input line 95.
LaTeX Font Info:    Checking defaults for OMX/txex/m/n on input line 95.
LaTeX Font Info:    Try loading font information for OMX+txex on input line 95.


("C:\Users\Juan\AppData\Local\Programs\MiKTeX 2.9\tex\latex\txfonts\omxtxex.fd"
File: omxtxex.fd 2000/12/15 v3.1
)
LaTeX Font Info:    ... okay on input line 95.
LaTeX Font Info:    Checking defaults for U/txexa/m/n on input line 95.
LaTeX Font Info:    Try loading font information for U+txexa on input line 95.
 ("C:\Users\Juan\AppData\Local\Programs\MiKTeX 2.9\tex\latex\txfonts\utxexa.fd"
File: utxexa.fd 2000/12/15 v3.1
)
LaTeX Font Info:    ... okay on input line 95.
LaTeX Font Info:    Checking defaults for PD1/pdf/m/n on input line 95.
LaTeX Font Info:    ... okay on input line 95.
LaTeX Font Info:    Checking defaults for TS1/cmr/m/n on input line 95.
LaTeX Font Info:    Try loading font information for TS1+cmr on input line 95.
 ("C:\Users\Juan\AppData\Local\Programs\MiKTeX 2.9\tex\latex\base\ts1cmr.fd"
File: ts1cmr.fd 2014/09/29 v2.5h Standard LaTeX font definitions
)
LaTeX Font Info:    ... okay on input line 95.
LaTeX Font Info:    Try loading font information for OT1+txr on input line 95.
("C:\Users\Juan\AppData\Local\Programs\MiKTeX 2.9\tex\latex\txfonts\ot1txr.fd"
File: ot1txr.fd 2000/12/15 v3.1
)
("C:\Users\Juan\AppData\Local\Programs\MiKTeX 2.9\tex\context\base\supp-pdf.mki
i"
[Loading MPS to PDF converter (version 2006.09.02).]
\scratchcounter=\count303
\scratchdimen=\dimen184
\scratchbox=\box52
\nofMPsegments=\count304
\nofMParguments=\count305
\everyMPshowfont=\toks31
\MPscratchCnt=\count306
\MPscratchDim=\dimen185
\MPnumerator=\count307
\makeMPintoPDFobject=\count308
\everyMPtoPDFconversion=\toks32
)
("C:\Users\Juan\AppData\Local\Programs\MiKTeX 2.9\tex\latex\oberdiek\epstopdf-b
ase.sty"
Package: epstopdf-base 2016/05/15 v2.6 Base part for package epstopdf

("C:\Users\Juan\AppData\Local\Programs\MiKTeX 2.9\tex\latex\oberdiek\grfext.sty
"
Package: grfext 2016/05/16 v1.2 Manage graphics extensions (HO)
)
Package epstopdf-base Info: Redefining graphics rule for `.eps' on input line 4
38.
Package grfext Info: Graphics extension search list:
(grfext)             [.pdf,.png,.jpg,.mps,.jpeg,.jbig2,.jb2,.PDF,.PNG,.JPG,.JPE
G,.JBIG2,.JB2,.eps]
(grfext)             \AppendGraphicsExtensions on input line 456.
)
Package caption Info: Begin \AtBeginDocument code.
Package caption Info: hyperref package is loaded.
Package caption Info: End \AtBeginDocument code.
\AtBeginShipoutBox=\box53
Package hyperref Info: Link coloring ON on input line 95.
LaTeX Info: Redefining \ref on input line 95.
LaTeX Info: Redefining \pageref on input line 95.
LaTeX Info: Redefining \nameref on input line 95.
\@outlinefile=\write3
\openout3 = `draft_v4.out'.


*geometry* driver: auto-detecting
*geometry* detected driver: pdftex
*geometry* verbose mode - [ preamble ] result:
* driver: pdftex
* paper: a4paper
* layout: <same size as paper>
* layoutoffset:(h,v)=(0.0pt,0.0pt)
* modes: 
* h-part:(L,W,R)=(71.13188pt, 455.24411pt, 71.13188pt)
* v-part:(T,H,B)=(71.13188pt, 702.78308pt, 71.13188pt)
* \paperwidth=597.50787pt
* \paperheight=845.04684pt
* \textwidth=455.24411pt
* \textheight=702.78308pt
* \oddsidemargin=-1.1381pt
* \evensidemargin=-1.1381pt
* \topmargin=-38.1381pt
* \headheight=12.0pt
* \headsep=25.0pt
* \topskip=10.0pt
* \footskip=30.0pt
* \marginparwidth=57.0pt
* \marginparsep=11.0pt
* \columnsep=10.0pt
* \skip\footins=9.0pt plus 4.0pt minus 2.0pt
* \hoffset=0.0pt
* \voffset=0.0pt
* \mag=1000
* \@twocolumnfalse
* \@twosidefalse
* \@mparswitchfalse
* \@reversemarginfalse
* (1in=72.27pt=25.4mm, 1cm=28.453pt)

LaTeX Font Info:    Try loading font information for OT1+txss on input line 100
.
("C:\Users\Juan\AppData\Local\Programs\MiKTeX 2.9\tex\latex\txfonts\ot1txss.fd"
File: ot1txss.fd 2000/12/15 v3.1
)
LaTeX Font Info:    Font shape `OT1/txss/m/n' will be
(Font)              scaled to size 4.74998pt on input line 100.
LaTeX Font Info:    Try loading font information for U+txmia on input line 100.

 ("C:\Users\Juan\AppData\Local\Programs\MiKTeX 2.9\tex\latex\txfonts\utxmia.fd"
File: utxmia.fd 2000/12/15 v3.1
)
LaTeX Font Info:    Try loading font information for U+txsya on input line 100.

 ("C:\Users\Juan\AppData\Local\Programs\MiKTeX 2.9\tex\latex\txfonts\utxsya.fd"
File: utxsya.fd 2000/12/15 v3.1
)
LaTeX Font Info:    Try loading font information for U+txsyb on input line 100.


("C:\Users\Juan\AppData\Local\Programs\MiKTeX 2.9\tex\latex\txfonts\utxsyb.fd"
File: utxsyb.fd 2000/12/15 v3.1
)
LaTeX Font Info:    Try loading font information for U+txsyc on input line 100.

("C:\Users\Juan\AppData\Local\Programs\MiKTeX 2.9\tex\latex\txfonts\utxsyc.fd"
File: utxsyc.fd 2000/12/15 v3.1
)
LaTeX Font Info:    Try loading font information for U+ifsym on input line 100.

("C:\Users\Juan\AppData\Local\Programs\MiKTeX 2.9\tex\fonts\ifsym\uifsym.fd")

Package natbib Warning: Citation `Mansour2018' on page 1 undefined on input lin
e 112.


Package natbib Warning: Citation `Luo2020' on page 1 undefined on input line 11
2.


Package natbib Warning: Citation `Vass2021' on page 1 undefined on input line 1
12.


Package natbib Warning: Citation `Rillig2016' on page 1 undefined on input line
 114.


Package natbib Warning: Citation `Evans2019' on page 1 undefined on input line 
115.


Package natbib Warning: Citation `Dutton2021' on page 1 undefined on input line
 117.


Package natbib Warning: Citation `Vandegrift2019' on page 1 undefined on input 
line 119.


Package natbib Warning: Citation `Rillig2015' on page 1 undefined on input line
 122.


Package natbib Warning: Citation `Gilpin1994' on page 1 undefined on input line
 126.


Package natbib Warning: Citation `Simberloff1999' on page 1 undefined on input 
line 126.


Package natbib Warning: Citation `Grosholz2005' on page 1 undefined on input li
ne 126.


Package natbib Warning: Citation `Simberloff2006' on page 1 undefined on input 
line 126.


Package natbib Warning: Citation `Gurevitch2006' on page 1 undefined on input l
ine 126.


Package natbib Warning: Citation `Green2011' on page 1 undefined on input line 
126.


Package natbib Warning: Citation `Livingston2013' on page 1 undefined on input 
line 126.


Package natbib Warning: Citation `Prior2015' on page 1 undefined on input line 
126.


Package natbib Warning: Citation `Rillig2015' on page 1 undefined on input line
 126.


Package natbib Warning: Citation `OLoughlin2017' on page 1 undefined on input l
ine 126.


Package natbib Warning: Citation `Castledine2020' on page 1 undefined on input 
line 126.


Package natbib Warning: Citation `Gilpin1994' on page 1 undefined on input line
 131.


Package natbib Warning: Citation `Toquenaga1997' on page 1 undefined on input l
ine 131.


Package natbib Warning: Citation `Tikhonov2016' on page 1 undefined on input li
ne 133.


Package natbib Warning: Citation `Tikhonov2017' on page 1 undefined on input li
ne 133.


Package natbib Warning: Citation `Vila2019' on page 1 undefined on input line 1
33.


Package natbib Warning: Citation `Lechon2021' on page 1 undefined on input line
 133.


Package natbib Warning: Citation `Livingston2013' on page 1 undefined on input 
line 137.


Package natbib Warning: Citation `Sierocinski2017' on page 1 undefined on input
 line 137.


Package natbib Warning: Citation `Rillig2017' on page 1 undefined on input line
 139.


Package natbib Warning: Citation `Sierocinski2017' on page 1 undefined on input
 line 139.


Package natbib Warning: Citation `Louca2016' on page 1 undefined on input line 
145.


Package natbib Warning: Citation `Winfree2015' on page 1 undefined on input lin
e 147.


Package natbib Warning: Citation `Rosenzweig1994' on page 1 undefined on input 
line 149.


Package natbib Warning: Citation `Goldford2018' on page 1 undefined on input li
ne 149.


LaTeX Warning: Hyper reference `fig1' on page 1 undefined on input line 160.


LaTeX Warning: Reference `fig1' on page 1 undefined on input line 160.


Package natbib Warning: Citation `Tikhonov2016' on page 1 undefined on input li
ne 164.


Package natbib Warning: Citation `Vila2019' on page 1 undefined on input line 1
64.


Package natbib Warning: Citation `Lechon2021' on page 1 undefined on input line
 164.


Package natbib Warning: Citation `Rillig2017' on page 1 undefined on input line
 165.


Package natbib Warning: Citation `Sierocinski2017' on page 1 undefined on input
 line 165.


Package natbib Warning: Citation `Goldford2018' on page 1 undefined on input li
ne 169.


LaTeX Warning: Hyper reference `fig1' on page 1 undefined on input line 169.


LaTeX Warning: Reference `fig1' on page 1 undefined on input line 169.


Package natbib Warning: Citation `Goldford2018' on page 1 undefined on input li
ne 171.


LaTeX Warning: Hyper reference `fig1' on page 1 undefined on input line 174.


LaTeX Warning: Reference `fig1' on page 1 undefined on input line 174.


LaTeX Warning: Hyper reference `figS1' on page 1 undefined on input line 174.


LaTeX Warning: Reference `figS1' on page 1 undefined on input line 174.


LaTeX Warning: Hyper reference `figS1' on page 1 undefined on input line 176.


LaTeX Warning: Reference `figS1' on page 1 undefined on input line 176.


LaTeX Warning: Hyper reference `fig1' on page 1 undefined on input line 180.


LaTeX Warning: Reference `fig1' on page 1 undefined on input line 180.

[1

{C:/Users/Juan/AppData/Local/MiKTeX/2.9/pdftex/config/pdftex.map}]

Package natbib Warning: Citation `Goldford2018' on page 2 undefined on input li
ne 186.


Package natbib Warning: Citation `Marsland2019' on page 2 undefined on input li
ne 186.


Package natbib Warning: Citation `Marsland2020' on page 2 undefined on input li
ne 186.


Package natbib Warning: Citation `Goldford2018' on page 2 undefined on input li
ne 188.


Package natbib Warning: Citation `Estrela2020' on page 2 undefined on input lin
e 188.


LaTeX Warning: Hyper reference `fig1' on page 2 undefined on input line 198.


LaTeX Warning: Reference `fig1' on page 2 undefined on input line 198.


Package natbib Warning: Citation `Dimroth2004' on page 2 undefined on input lin
e 203.


Package natbib Warning: Citation `Forchhammer2007' on page 2 undefined on input
 line 203.


Package natbib Warning: Citation `Goldford2018' on page 2 undefined on input li
ne 205.


Package natbib Warning: Citation `Estrela2020' on page 2 undefined on input lin
e 205.


Package natbib Warning: Citation `Tikhonov2016' on page 2 undefined on input li
ne 207.


Package natbib Warning: Citation `Tikhonov2017' on page 2 undefined on input li
ne 207.


Package natbib Warning: Citation `Castledine2020' on page 2 undefined on input 
line 207.


Package natbib Warning: Citation `Lechon2021' on page 2 undefined on input line
 207.


LaTeX Warning: Hyper reference `fig1' on page 2 undefined on input line 210.


LaTeX Warning: Reference `fig1' on page 2 undefined on input line 210.


LaTeX Warning: Hyper reference `methods:community-assembly' on page 2 undefined
 on input line 210.


LaTeX Warning: Reference `methods:community-assembly' on page 2 undefined on in
put line 210.


LaTeX Warning: Hyper reference `methods:dominants' on page 2 undefined on input
 line 215.


LaTeX Warning: Reference `methods:dominants' on page 2 undefined on input line 
215.


LaTeX Warning: Hyper reference `methods:sequencing' on page 2 undefined on inpu
t line 217.


LaTeX Warning: Reference `methods:sequencing' on page 2 undefined on input line
 217.


Package natbib Warning: Citation `Callahan2016' on page 2 undefined on input li
ne 218.


Package natbib Warning: Citation `Callahan2017' on page 2 undefined on input li
ne 218.


LaTeX Warning: Hyper reference `figS1' on page 2 undefined on input line 220.


LaTeX Warning: Reference `figS1' on page 2 undefined on input line 220.


LaTeX Warning: Hyper reference `figS1' on page 2 undefined on input line 225.


LaTeX Warning: Reference `figS1' on page 2 undefined on input line 225.


LaTeX Warning: Hyper reference `figS1' on page 2 undefined on input line 228.


LaTeX Warning: Reference `figS1' on page 2 undefined on input line 228.


LaTeX Warning: Hyper reference `fig1' on page 2 undefined on input line 236.


LaTeX Warning: Reference `fig1' on page 2 undefined on input line 236.


LaTeX Warning: Hyper reference `methods:competitions' on page 2 undefined on in
put line 248.


LaTeX Warning: Reference `methods:competitions' on page 2 undefined on input li
ne 248.


LaTeX Warning: Hyper reference `fig1' on page 2 undefined on input line 252.


LaTeX Warning: Reference `fig1' on page 2 undefined on input line 252.


LaTeX Warning: Hyper reference `methods:sequencing' on page 2 undefined on inpu
t line 255.


LaTeX Warning: Reference `methods:sequencing' on page 2 undefined on input line
 255.


LaTeX Warning: Hyper reference `methods:metrics' on page 2 undefined on input l
ine 259.


LaTeX Warning: Reference `methods:metrics' on page 2 undefined on input line 25
9.


LaTeX Warning: Hyper reference `fig2' on page 2 undefined on input line 265.


LaTeX Warning: Reference `fig2' on page 2 undefined on input line 265.


LaTeX Warning: Hyper reference `fig2' on page 2 undefined on input line 269.


LaTeX Warning: Reference `fig2' on page 2 undefined on input line 269.


LaTeX Warning: Hyper reference `figS2' on page 2 undefined on input line 274.


LaTeX Warning: Reference `figS2' on page 2 undefined on input line 274.


LaTeX Warning: Hyper reference `figS3' on page 2 undefined on input line 278.


LaTeX Warning: Reference `figS3' on page 2 undefined on input line 278.


LaTeX Warning: Hyper reference `fig2' on page 2 undefined on input line 285.


LaTeX Warning: Reference `fig2' on page 2 undefined on input line 285.


LaTeX Warning: Hyper reference `fig2' on page 2 undefined on input line 287.


LaTeX Warning: Reference `fig2' on page 2 undefined on input line 287.

[2]

Package natbib Warning: Citation `Goldford2018' on page 3 undefined on input li
ne 302.


Package natbib Warning: Citation `Marsland2019' on page 3 undefined on input li
ne 302.


Package natbib Warning: Citation `Marsland2020' on page 3 undefined on input li
ne 303.


LaTeX Warning: Hyper reference `box1' on page 3 undefined on input line 304.


Package natbib Warning: Citation `Goldford2018' on page 3 undefined on input li
ne 310.


Package natbib Warning: Citation `Estrela2020' on page 3 undefined on input lin
e 310.


Package natbib Warning: Citation `Goldford2018' on page 3 undefined on input li
ne 314.


Package natbib Warning: Citation `Marsland2019' on page 3 undefined on input li
ne 314.


Package natbib Warning: Citation `Marsland2020' on page 3 undefined on input li
ne 314.


Package natbib Warning: Citation `Marsland2020b' on page 3 undefined on input l
ine 314.


Package natbib Warning: Citation `Estrela2021' on page 3 undefined on input lin
e 314.


LaTeX Warning: Hyper reference `methods:sim' on page 3 undefined on input line 
323.


LaTeX Warning: Reference `methods:sim' on page 3 undefined on input line 323.


LaTeX Warning: Hyper reference `fig2' on page 3 undefined on input line 327.


LaTeX Warning: Reference `fig2' on page 3 undefined on input line 327.


LaTeX Warning: Hyper reference `figSX' on page 3 undefined on input line 331.


LaTeX Warning: Reference `figSX' on page 3 undefined on input line 331.

[3]

Package natbib Warning: Citation `Goldford2018' on page 4 undefined on input li
ne 340.


Package natbib Warning: Citation `Marsland2019' on page 4 undefined on input li
ne 340.


Package natbib Warning: Citation `Marsland2020' on page 4 undefined on input li
ne 340.


Package natbib Warning: Citation `MacArthur1970' on page 4 undefined on input l
ine 342.


Package natbib Warning: Citation `Goldford2018' on page 4 undefined on input li
ne 355.


Package natbib Warning: Citation `Marsland2019' on page 4 undefined on input li
ne 355.


Package natbib Warning: Citation `Marsland2020' on page 4 undefined on input li
ne 355.


Package natbib Warning: Citation `Harcombe2014' on page 4 undefined on input li
ne 358.


Package natbib Warning: Citation `Pinu2018' on page 4 undefined on input line 3
58.


Package natbib Warning: Citation `Estrela2020' on page 4 undefined on input lin
e 358.

<figs/figBox_v3.png, id=29, 328.5876pt x 154.29645pt>
File: figs/figBox_v3.png Graphic file (type png)
<use figs/figBox_v3.png>
Package pdftex.def Info: figs/figBox_v3.png  used on input line 367.
(pdftex.def)             Requested size: 312.9803pt x 146.97632pt.

Package natbib Warning: Citation `Marsland2019' on page 4 undefined on input li
ne 398.


Package natbib Warning: Citation `Marsland2020' on page 4 undefined on input li
ne 398.


LaTeX Warning: Reference `eq:crm-n' on page 4 undefined on input line 403.


LaTeX Warning: Reference `eq:crm-r' on page 4 undefined on input line 403.


LaTeX Warning: Hyper reference `methods:sim' on page 4 undefined on input line 
407.


LaTeX Warning: Reference `methods:sim' on page 4 undefined on input line 407.

Package mdframed Info: Not enough space on this page on input line 413.
[4

 <./figs/figBox_v3.png>]

LaTeX Warning: Hyper reference `fig2' on page 5 undefined on input line 421.


LaTeX Warning: Reference `fig2' on page 5 undefined on input line 421.


LaTeX Warning: Hyper reference `fig2' on page 5 undefined on input line 423.


LaTeX Warning: Reference `fig2' on page 5 undefined on input line 423.


LaTeX Warning: Hyper reference `fig1' on page 5 undefined on input line 430.


LaTeX Warning: Reference `fig1' on page 5 undefined on input line 430.


LaTeX Warning: Hyper reference `methods:sim' on page 5 undefined on input line 
433.


LaTeX Warning: Reference `methods:sim' on page 5 undefined on input line 433.


LaTeX Warning: Hyper reference `fig3' on page 5 undefined on input line 442.


LaTeX Warning: Reference `fig3' on page 5 undefined on input line 442.


LaTeX Warning: Hyper reference `fig3' on page 5 undefined on input line 445.


LaTeX Warning: Reference `fig3' on page 5 undefined on input line 445.


LaTeX Warning: Hyper reference `fig3' on page 5 undefined on input line 448.


LaTeX Warning: Reference `fig3' on page 5 undefined on input line 448.


LaTeX Warning: Hyper reference `fig3' on page 5 undefined on input line 452.


LaTeX Warning: Reference `fig3' on page 5 undefined on input line 452.


LaTeX Warning: Hyper reference `fig3' on page 5 undefined on input line 466.


LaTeX Warning: Reference `fig3' on page 5 undefined on input line 466.


LaTeX Warning: Hyper reference `fig3' on page 5 undefined on input line 468.


LaTeX Warning: Reference `fig3' on page 5 undefined on input line 468.


LaTeX Warning: Hyper reference `fig3' on page 5 undefined on input line 472.


LaTeX Warning: Reference `fig3' on page 5 undefined on input line 472.


LaTeX Warning: Hyper reference `fig3' on page 5 undefined on input line 474.


LaTeX Warning: Reference `fig3' on page 5 undefined on input line 474.


LaTeX Warning: Hyper reference `fig3' on page 5 undefined on input line 478.


LaTeX Warning: Reference `fig3' on page 5 undefined on input line 478.


LaTeX Warning: Hyper reference `fig2' on page 5 undefined on input line 479.


LaTeX Warning: Reference `fig2' on page 5 undefined on input line 479.


LaTeX Warning: Hyper reference `methods:competitions' on page 5 undefined on in
put line 485.


LaTeX Warning: Reference `methods:competitions' on page 5 undefined on input li
ne 485.


LaTeX Warning: Hyper reference `methods:community-assembly' on page 5 undefined
 on input line 487.


LaTeX Warning: Reference `methods:community-assembly' on page 5 undefined on in
put line 487.


LaTeX Warning: Hyper reference `methods:sequencing' on page 5 undefined on inpu
t line 489.


LaTeX Warning: Reference `methods:sequencing' on page 5 undefined on input line
 489.


LaTeX Warning: Hyper reference `fig3' on page 5 undefined on input line 493.


LaTeX Warning: Reference `fig3' on page 5 undefined on input line 493.


LaTeX Warning: Hyper reference `fig2' on page 5 undefined on input line 498.


LaTeX Warning: Reference `fig2' on page 5 undefined on input line 498.


LaTeX Warning: Hyper reference `fig3' on page 5 undefined on input line 499.


LaTeX Warning: Reference `fig3' on page 5 undefined on input line 499.


LaTeX Warning: Hyper reference `fig2' on page 5 undefined on input line 502.


LaTeX Warning: Reference `fig2' on page 5 undefined on input line 502.


LaTeX Warning: Hyper reference `fig3' on page 5 undefined on input line 506.


LaTeX Warning: Reference `fig3' on page 5 undefined on input line 506.


LaTeX Warning: Hyper reference `fig3' on page 5 undefined on input line 510.


LaTeX Warning: Reference `fig3' on page 5 undefined on input line 510.


LaTeX Warning: Hyper reference `fig4' on page 5 undefined on input line 522.


LaTeX Warning: Reference `fig4' on page 5 undefined on input line 522.

[5

]

LaTeX Warning: Hyper reference `methods:sim-min' on page 6 undefined on input l
ine 553.


LaTeX Warning: Reference `methods:sim-min' on page 6 undefined on input line 55
3.


LaTeX Warning: Hyper reference `box1' on page 6 undefined on input line 556.


LaTeX Warning: Hyper reference `methods:metrics' on page 6 undefined on input l
ine 564.


LaTeX Warning: Reference `methods:metrics' on page 6 undefined on input line 56
4.


LaTeX Warning: Reference `eq:crm-n' on page 6 undefined on input line 580.


LaTeX Warning: Reference `eq:crm-r' on page 6 undefined on input line 580.


LaTeX Warning: Hyper reference `box1' on page 6 undefined on input line 580.


LaTeX Warning: Hyper reference `methods:sim-min' on page 6 undefined on input l
ine 583.


LaTeX Warning: Reference `methods:sim-min' on page 6 undefined on input line 58
3.


LaTeX Warning: Hyper reference `fig4' on page 6 undefined on input line 586.


LaTeX Warning: Reference `fig4' on page 6 undefined on input line 586.


LaTeX Warning: Hyper reference `fig4' on page 6 undefined on input line 611.


LaTeX Warning: Reference `fig4' on page 6 undefined on input line 611.


LaTeX Warning: Hyper reference `fig4' on page 6 undefined on input line 629.


LaTeX Warning: Reference `fig4' on page 6 undefined on input line 629.


LaTeX Warning: Hyper reference `fig4' on page 6 undefined on input line 648.


LaTeX Warning: Reference `fig4' on page 6 undefined on input line 648.


LaTeX Warning: Hyper reference `fig4' on page 6 undefined on input line 662.


LaTeX Warning: Reference `fig4' on page 6 undefined on input line 662.

[6]

LaTeX Warning: Hyper reference `fig4' on page 7 undefined on input line 680.


LaTeX Warning: Reference `fig4' on page 7 undefined on input line 680.


LaTeX Warning: Hyper reference `fig5' on page 7 undefined on input line 743.


LaTeX Warning: Reference `fig5' on page 7 undefined on input line 743.


LaTeX Warning: Hyper reference `fig5' on page 7 undefined on input line 747.


LaTeX Warning: Reference `fig5' on page 7 undefined on input line 747.


LaTeX Warning: Hyper reference `fig3' on page 7 undefined on input line 751.


LaTeX Warning: Reference `fig3' on page 7 undefined on input line 751.


LaTeX Warning: Hyper reference `fig5' on page 7 undefined on input line 754.


LaTeX Warning: Reference `fig5' on page 7 undefined on input line 754.


LaTeX Warning: Hyper reference `fig4' on page 7 undefined on input line 756.


LaTeX Warning: Reference `fig4' on page 7 undefined on input line 756.


Package natbib Warning: Citation `Rillig2015' on page 7 undefined on input line
 761.


Package natbib Warning: Citation `Gilpin1994' on page 7 undefined on input line
 763.


Package natbib Warning: Citation `Livingston2013' on page 7 undefined on input 
line 763.


Package natbib Warning: Citation `Tikhonov2016' on page 7 undefined on input li
ne 763.


Package natbib Warning: Citation `Tikhonov2017' on page 7 undefined on input li
ne 763.


Package natbib Warning: Citation `Goldford2018' on page 7 undefined on input li
ne 774.


Package natbib Warning: Citation `Estrela2020' on page 7 undefined on input lin
e 774.


Package natbib Warning: Citation `Sierocinski2017' on page 7 undefined on input
 line 785.


Package natbib Warning: Citation `Gilpin1994' on page 7 undefined on input line
 787.


Package natbib Warning: Citation `Toquenaga1997' on page 7 undefined on input l
ine 787.


Package natbib Warning: Citation `Tikhonov2016' on page 7 undefined on input li
ne 787.


Package natbib Warning: Citation `Tikhonov2017' on page 7 undefined on input li
ne 787.


Package natbib Warning: Citation `Vila2019' on page 7 undefined on input line 7
87.


Package natbib Warning: Citation `Lechon2021' on page 7 undefined on input line
 787.

[7]

Package natbib Warning: Citation `Goldford2018' on page 8 undefined on input li
ne 832.


LaTeX Warning: Hyper reference `fig1' on page 8 undefined on input line 835.


LaTeX Warning: Reference `fig1' on page 8 undefined on input line 835.


Package natbib Warning: Citation `Goldford2018' on page 8 undefined on input li
ne 849.


LaTeX Warning: Hyper reference `fig1' on page 8 undefined on input line 852.


LaTeX Warning: Reference `fig1' on page 8 undefined on input line 852.


LaTeX Warning: Hyper reference `fig1' on page 8 undefined on input line 858.


LaTeX Warning: Reference `fig1' on page 8 undefined on input line 858.


LaTeX Warning: Hyper reference `fig1' on page 8 undefined on input line 878.


LaTeX Warning: Reference `fig1' on page 8 undefined on input line 878.


Package natbib Warning: Citation `Goldford2018' on page 8 undefined on input li
ne 884.


Package natbib Warning: Citation `Kozich2013' on page 8 undefined on input line
 900.


Package natbib Warning: Citation `Caporaso2010' on page 8 undefined on input li
ne 916.


Package natbib Warning: Citation `Callahan2017' on page 8 undefined on input li
ne 919.


Package natbib Warning: Citation `Wang2007' on page 8 undefined on input line 9
23.


Package natbib Warning: Citation `Quast2013' on page 8 undefined on input line 
923.

[8

]

Package natbib Warning: Citation `Bray1957' on page 9 undefined on input line 9
38.


Package natbib Warning: Citation `Lin1991' on page 9 undefined on input line 94
9.


Package natbib Warning: Citation `Kullback1951' on page 9 undefined on input li
ne 959.


Package natbib Warning: Citation `Jaccard1912' on page 9 undefined on input lin
e 969.


Package natbib Warning: Citation `Marsland2020' on page 9 undefined on input li
ne 1003.


Package natbib Warning: Citation `Goldford2018' on page 9 undefined on input li
ne 1019.


Package natbib Warning: Citation `Marsland2019' on page 9 undefined on input li
ne 1019.


LaTeX Warning: Reference `datacode' on page 9 undefined on input line 1031.


Package natbib Warning: Citation `Goldford2018' on page 9 undefined on input li
ne 1045.

[9]

LaTeX Warning: Hyper reference `fig4' on page 10 undefined on input line 1266.


LaTeX Warning: Reference `fig4' on page 10 undefined on input line 1266.

[10]
LaTeX Font Info:    Try loading font information for OT1+txtt on input line 127
4.

("C:\Users\Juan\AppData\Local\Programs\MiKTeX 2.9\tex\latex\txfonts\ot1txtt.fd"
File: ot1txtt.fd 2000/12/15 v3.1
) [11]
No file draft_v4.bbl.


pdfTeX warning: miktex-pdftex.exe (file ./figs/fig1.pdf): PDF inclusion: found 
PDF version <1.6>, but at most version <1.5> allowed
<figs/fig1.pdf, id=94, 339.79848pt x 418.09097pt>
File: figs/fig1.pdf Graphic file (type pdf)
<use figs/fig1.pdf>
Package pdftex.def Info: figs/fig1.pdf  used on input line 1299.
(pdftex.def)             Requested size: 237.8573pt x 292.66167pt.
[12


 <./figs/fig1.pdf>]

pdfTeX warning: miktex-pdftex.exe (file ./figs/fig2_v4.pdf): PDF inclusion: fou
nd PDF version <1.6>, but at most version <1.5> allowed
<figs/fig2_v4.pdf, id=258, 612.64185pt x 192.95589pt>
File: figs/fig2_v4.pdf Graphic file (type pdf)
<use figs/fig2_v4.pdf>
Package pdftex.def Info: figs/fig2_v4.pdf  used on input line 1330.
(pdftex.def)             Requested size: 428.84636pt x 135.06818pt.
[13

 <./figs/fig2_v4.pdf>]

pdfTeX warning: miktex-pdftex.exe (file ./figs/fig3.pdf): PDF inclusion: found 
PDF version <1.6>, but at most version <1.5> allowed
<figs/fig3.pdf, id=293, 500.6946pt x 466.64037pt>
File: figs/fig3.pdf Graphic file (type pdf)
<use figs/fig3.pdf>
Package pdftex.def Info: figs/fig3.pdf  used on input line 1359.
(pdftex.def)             Requested size: 350.48381pt x 326.64603pt.

LaTeX Warning: Hyper reference `fig2' on page 14 undefined on input line 1391.


LaTeX Warning: Reference `fig2' on page 14 undefined on input line 1391.


LaTeX Warning: Hyper reference `fig2' on page 14 undefined on input line 1391.


LaTeX Warning: Reference `fig2' on page 14 undefined on input line 1391.


LaTeX Warning: Hyper reference `fig2' on page 14 undefined on input line 1391.


LaTeX Warning: Reference `fig2' on page 14 undefined on input line 1391.


LaTeX Warning: Hyper reference `fig2' on page 14 undefined on input line 1391.


LaTeX Warning: Reference `fig2' on page 14 undefined on input line 1391.

[14

 <./figs/fig3.pdf>]

pdfTeX warning: miktex-pdftex.exe (file ./figs/fig4_v3.pdf): PDF inclusion: fou
nd PDF version <1.6>, but at most version <1.5> allowed
<figs/fig4_v3.pdf, id=335, 486.9432pt x 681.87346pt>
File: figs/fig4_v3.pdf Graphic file (type pdf)
<use figs/fig4_v3.pdf>
Package pdftex.def Info: figs/fig4_v3.pdf  used on input line 1400.
(pdftex.def)             Requested size: 340.85791pt x 477.30817pt.
[15

 <./figs/fig4_v3.pdf>]

pdfTeX warning: miktex-pdftex.exe (file ./figs/fig5_v2.pdf): PDF inclusion: fou
nd PDF version <1.6>, but at most version <1.5> allowed
<figs/fig5_v2.pdf, id=391, 505.44032pt x 183.5096pt>
File: figs/fig5_v2.pdf Graphic file (type pdf)
<use figs/fig5_v2.pdf>
Package pdftex.def Info: figs/fig5_v2.pdf  used on input line 1418.
(pdftex.def)             Requested size: 353.80582pt x 128.45583pt.
[16

 <./figs/fig5_v2.pdf>]

pdfTeX warning: miktex-pdftex.exe (file ./figs/figS1.pdf): PDF inclusion: found
 PDF version <1.6>, but at most version <1.5> allowed
<figs/figS1.pdf, id=429, 451.50983pt x 546.31404pt>
File: figs/figS1.pdf Graphic file (type pdf)
<use figs/figS1.pdf>
Package pdftex.def Info: figs/figS1.pdf  used on input line 1445.
(pdftex.def)             Requested size: 406.35509pt x 491.6781pt.

LaTeX Warning: Hyper reference `methods:sequencing' on page 17 undefined on inp
ut line 1457.


LaTeX Warning: Reference `methods:sequencing' on page 17 undefined on input lin
e 1457.


LaTeX Warning: Reference `datacode' on page 17 undefined on input line 1457.


LaTeX Warning: Hyper reference `methods:sequencing' on page 17 undefined on inp
ut line 1457.


LaTeX Warning: Reference `methods:sequencing' on page 17 undefined on input lin
e 1457.


LaTeX Warning: Reference `datacode' on page 17 undefined on input line 1457.

[17

 <./figs/figS1.pdf>]

pdfTeX warning: miktex-pdftex.exe (file ./figs/figS2.pdf): PDF inclusion: found
 PDF version <1.6>, but at most version <1.5> allowed
<figs/figS2.pdf, id=460, 338.85295pt x 142.62283pt>
File: figs/figS2.pdf Graphic file (type pdf)
<use figs/figS2.pdf>
Package pdftex.def Info: figs/figS2.pdf  used on input line 1466.
(pdftex.def)             Requested size: 304.96484pt x 128.35934pt.

LaTeX Warning: Hyper reference `methods:metrics' on page 18 undefined on input 
line 1479.


LaTeX Warning: Reference `methods:metrics' on page 18 undefined on input line 1
479.


LaTeX Warning: Hyper reference `fig2' on page 18 undefined on input line 1479.


LaTeX Warning: Reference `fig2' on page 18 undefined on input line 1479.


LaTeX Warning: Hyper reference `methods:metrics' on page 18 undefined on input 
line 1479.


LaTeX Warning: Reference `methods:metrics' on page 18 undefined on input line 1
479.


LaTeX Warning: Hyper reference `fig2' on page 18 undefined on input line 1479.


LaTeX Warning: Reference `fig2' on page 18 undefined on input line 1479.

[18

 <./figs/figS2.pdf>]

pdfTeX warning: miktex-pdftex.exe (file ./figs/figS3.pdf): PDF inclusion: found
 PDF version <1.6>, but at most version <1.5> allowed
<figs/figS3.pdf, id=494, 333.06734pt x 302.28133pt>
File: figs/figS3.pdf Graphic file (type pdf)
<use figs/figS3.pdf>
Package pdftex.def Info: figs/figS3.pdf  used on input line 1488.
(pdftex.def)             Requested size: 299.75783pt x 272.05067pt.

LaTeX Warning: Hyper reference `fig2' on page 19 undefined on input line 1500.


LaTeX Warning: Reference `fig2' on page 19 undefined on input line 1500.


LaTeX Warning: Hyper reference `figS2' on page 19 undefined on input line 1500.



LaTeX Warning: Reference `figS2' on page 19 undefined on input line 1500.


LaTeX Warning: Hyper reference `fig2' on page 19 undefined on input line 1500.


LaTeX Warning: Reference `fig2' on page 19 undefined on input line 1500.


LaTeX Warning: Hyper reference `figS2' on page 19 undefined on input line 1500.



LaTeX Warning: Reference `figS2' on page 19 undefined on input line 1500.

[19

 <./figs/figS3.pdf>]

pdfTeX warning: miktex-pdftex.exe (file ./figs/figS4.pdf): PDF inclusion: found
 PDF version <1.6>, but at most version <1.5> allowed
<figs/figS4.pdf, id=529, 288.37135pt x 161.30864pt>
File: figs/figS4.pdf Graphic file (type pdf)
<use figs/figS4.pdf>
Package pdftex.def Info: figs/figS4.pdf  used on input line 1509.
(pdftex.def)             Requested size: 259.53181pt x 145.17642pt.

Package natbib Warning: Citation `Marsland2020' on page 20 undefined on input l
ine 1521.


LaTeX Warning: Hyper reference `box1' on page 20 undefined on input line 1521.


Package natbib Warning: Citation `Marsland2020' on page 20 undefined on input l
ine 1521.


LaTeX Warning: Hyper reference `box1' on page 20 undefined on input line 1521.

[20

 <./figs/figS4.pdf>]

Package natbib Warning: There were undefined citations.

Package atveryend Info: Empty hook `BeforeClearDocument' on input line 1527.
Package atveryend Info: Empty hook `AfterLastShipout' on input line 1527.
(draft_v4.aux)
Package atveryend Info: Executing hook `AtVeryEndDocument' on input line 1527.
Package atveryend Info: Executing hook `AtEndAfterFileList' on input line 1527.



Package rerunfilecheck Warning: File `draft_v4.out' has changed.
(rerunfilecheck)                Rerun to get outlines right
(rerunfilecheck)                or use package `bookmark'.

Package rerunfilecheck Info: Checksums for `draft_v4.out':
(rerunfilecheck)             Before: <no file>
(rerunfilecheck)             After:  D41D8CD98F00B204E9800998ECF8427E;0.

LaTeX Warning: There were undefined references.


LaTeX Warning: Label(s) may have changed. Rerun to get cross-references right.

Package atveryend Info: Empty hook `AtVeryVeryEnd' on input line 1527.
 ) 
Here is how much of TeX's memory you used:
 21506 strings out of 493305
 370425 string characters out of 3130238
 480997 words of memory out of 3000000
 24718 multiletter control sequences out of 15000+200000
 583485 words of font info for 146 fonts, out of 3000000 for 9000
 1141 hyphenation exceptions out of 8191
 39i,18n,41p,10470b,437s stack positions out of 5000i,500n,10000p,200000b,50000s
{C:/Users/Juan/AppData/Local/Programs/MiKTeX 2.9/fonts/enc/dvips/base/8r.enc}
 <C:\Users\Juan\AppData\Local\MiKTeX\2.9\fonts\pk\ljfour\public\ifsym\dpi360\if
sym10.pk> <C:\Users\Juan\AppData\Local\MiKTeX\2.9\fonts\pk\ljfour\public\ifsym\
dpi480\ifsym10.pk><C:/Users/Juan/AppData/Local/Programs/MiKTeX 2.9/fonts/type1/
public/amsfonts/euler/eurm10.pfb><C:/Users/Juan/AppData/Local/Programs/MiKTeX 2
.9/fonts/type1/public/txfonts/rtxb.pfb><C:/Users/Juan/AppData/Local/Programs/Mi
KTeX 2.9/fonts/type1/public/txfonts/rtxi.pfb><C:/Users/Juan/AppData/Local/Progr
ams/MiKTeX 2.9/fonts/type1/public/txfonts/rtxmi.pfb><C:/Users/Juan/AppData/Loca
l/Programs/MiKTeX 2.9/fonts/type1/public/txfonts/rtxr.pfb><C:/Users/Juan/AppDat
a/Local/Programs/MiKTeX 2.9/fonts/type1/public/txfonts/txex.pfb><C:/Users/Juan/
AppData/Local/Programs/MiKTeX 2.9/fonts/type1/public/txfonts/txsy.pfb><C:/Users
/Juan/AppData/Local/Programs/MiKTeX 2.9/fonts/type1/public/txfonts/txsyc.pfb><C
:/Users/Juan/AppData/Local/Programs/MiKTeX 2.9/fonts/type1/public/txfonts/txtt.
pfb><C:/Users/Juan/AppData/Local/Programs/MiKTeX 2.9/fonts/type1/urw/helvetic/u
hvr8a.pfb><C:/Users/Juan/AppData/Local/Programs/MiKTeX 2.9/fonts/type1/urw/time
s/utmb8a.pfb><C:/Users/Juan/AppData/Local/Programs/MiKTeX 2.9/fonts/type1/urw/t
imes/utmr8a.pfb><C:/Users/Juan/AppData/Local/Programs/MiKTeX 2.9/fonts/type1/ur
w/times/utmri8a.pfb>
Output written on draft_v4.pdf (20 pages, 5277269 bytes).
PDF statistics:
 615 PDF objects out of 1000 (max. 8388607)
 59 named destinations out of 1000 (max. 500000)
 51 words of extra memory for PDF output out of 10000 (max. 10000000)

